{"/Users/horuscamachoavila/Documents/thoth-analytics-api/src/app.controller.ts": {"path":"/Users/horuscamachoavila/Documents/thoth-analytics-api/src/app.controller.ts","statementMap":{"0":{"start":{"line":1,"column":0},"end":{"line":1,"column":49}},"1":{"start":{"line":2,"column":0},"end":{"line":2,"column":43}},"2":{"start":{"line":3,"column":0},"end":{"line":3,"column":60}},"3":{"start":{"line":6,"column":7},"end":{"line":46,"column":null}},"4":{"start":{"line":7,"column":31},"end":{"line":7,"column":43}},"5":{"start":{"line":12,"column":4},"end":{"line":12,"column":38}},"6":{"start":{"line":18,"column":4},"end":{"line":18,"column":39}},"7":{"start":{"line":24,"column":4},"end":{"line":24,"column":41}},"8":{"start":{"line":30,"column":4},"end":{"line":30,"column":44}},"9":{"start":{"line":44,"column":4},"end":{"line":44,"column":43}},"10":{"start":{"line":6,"column":13},"end":{"line":6,"column":26}},"11":{"start":{"line":11,"column":2},"end":{"line":13,"column":null}},"12":{"start":{"line":17,"column":2},"end":{"line":19,"column":null}},"13":{"start":{"line":23,"column":8},"end":{"line":25,"column":null}},"14":{"start":{"line":29,"column":8},"end":{"line":31,"column":null}},"15":{"start":{"line":35,"column":8},"end":{"line":45,"column":null}},"16":{"start":{"line":6,"column":13},"end":{"line":46,"column":null}}},"fnMap":{"0":{"name":"(anonymous_2)","decl":{"start":{"line":7,"column":2},"end":{"line":7,"column":31}},"loc":{"start":{"line":7,"column":53},"end":{"line":7,"column":57}}},"1":{"name":"(anonymous_3)","decl":{"start":{"line":11,"column":2},"end":{"line":11,"column":10}},"loc":{"start":{"line":11,"column":10},"end":{"line":13,"column":3}}},"2":{"name":"(anonymous_4)","decl":{"start":{"line":17,"column":2},"end":{"line":17,"column":11}},"loc":{"start":{"line":17,"column":11},"end":{"line":19,"column":3}}},"3":{"name":"(anonymous_5)","decl":{"start":{"line":23,"column":2},"end":{"line":23,"column":7}},"loc":{"start":{"line":23,"column":19},"end":{"line":25,"column":3}}},"4":{"name":"(anonymous_6)","decl":{"start":{"line":29,"column":2},"end":{"line":29,"column":7}},"loc":{"start":{"line":29,"column":22},"end":{"line":31,"column":3}}},"5":{"name":"(anonymous_7)","decl":{"start":{"line":35,"column":2},"end":{"line":35,"column":7}},"loc":{"start":{"line":35,"column":21},"end":{"line":45,"column":3}}}},"branchMap":{},"s":{"0":2,"1":2,"2":2,"3":2,"4":3,"5":1,"6":0,"7":0,"8":0,"9":0,"10":2,"11":2,"12":2,"13":2,"14":2,"15":2,"16":2},"f":{"0":3,"1":1,"2":0,"3":0,"4":0,"5":0},"b":{}}
,"/Users/horuscamachoavila/Documents/thoth-analytics-api/src/app.module.ts": {"path":"/Users/horuscamachoavila/Documents/thoth-analytics-api/src/app.module.ts","statementMap":{"0":{"start":{"line":1,"column":0},"end":{"line":1,"column":40}},"1":{"start":{"line":2,"column":0},"end":{"line":2,"column":66}},"2":{"start":{"line":3,"column":0},"end":{"line":3,"column":49}},"3":{"start":{"line":4,"column":0},"end":{"line":4,"column":43}},"4":{"start":{"line":5,"column":0},"end":{"line":5,"column":48}},"5":{"start":{"line":6,"column":0},"end":{"line":6,"column":51}},"6":{"start":{"line":7,"column":0},"end":{"line":7,"column":54}},"7":{"start":{"line":8,"column":0},"end":{"line":8,"column":48}},"8":{"start":{"line":9,"column":0},"end":{"line":9,"column":68}},"9":{"start":{"line":10,"column":0},"end":{"line":10,"column":54}},"10":{"start":{"line":11,"column":0},"end":{"line":11,"column":54}},"11":{"start":{"line":12,"column":0},"end":{"line":12,"column":54}},"12":{"start":{"line":13,"column":0},"end":{"line":13,"column":60}},"13":{"start":{"line":14,"column":0},"end":{"line":14,"column":48}},"14":{"start":{"line":45,"column":7},"end":{"line":45,"column":null}},"15":{"start":{"line":45,"column":13},"end":{"line":45,"column":22}},"16":{"start":{"line":45,"column":13},"end":{"line":45,"column":null}}},"fnMap":{},"branchMap":{},"s":{"0":1,"1":1,"2":1,"3":1,"4":1,"5":1,"6":1,"7":1,"8":1,"9":1,"10":1,"11":1,"12":1,"13":1,"14":1,"15":1,"16":1},"f":{},"b":{}}
,"/Users/horuscamachoavila/Documents/thoth-analytics-api/src/app.service.ts": {"path":"/Users/horuscamachoavila/Documents/thoth-analytics-api/src/app.service.ts","statementMap":{"0":{"start":{"line":1,"column":0},"end":{"line":1,"column":44}},"1":{"start":{"line":2,"column":0},"end":{"line":2,"column":58}},"2":{"start":{"line":3,"column":0},"end":{"line":3,"column":54}},"3":{"start":{"line":6,"column":7},"end":{"line":106,"column":null}},"4":{"start":{"line":8,"column":21},"end":{"line":8,"column":29}},"5":{"start":{"line":9,"column":21},"end":{"line":9,"column":28}},"6":{"start":{"line":13,"column":4},"end":{"line":13,"column":80}},"7":{"start":{"line":17,"column":4},"end":{"line":21,"column":6}},"8":{"start":{"line":30,"column":4},"end":{"line":44,"column":5}},"9":{"start":{"line":31,"column":21},"end":{"line":31,"column":56}},"10":{"start":{"line":32,"column":6},"end":{"line":37,"column":8}},"11":{"start":{"line":39,"column":6},"end":{"line":43,"column":8}},"12":{"start":{"line":52,"column":4},"end":{"line":65,"column":5}},"13":{"start":{"line":53,"column":24},"end":{"line":53,"column":52}},"14":{"start":{"line":54,"column":6},"end":{"line":58,"column":8}},"15":{"start":{"line":60,"column":6},"end":{"line":64,"column":8}},"16":{"start":{"line":77,"column":4},"end":{"line":104,"column":5}},"17":{"start":{"line":78,"column":38},"end":{"line":81,"column":8}},"18":{"start":{"line":83,"column":25},"end":{"line":83,"column":94}},"19":{"start":{"line":85,"column":6},"end":{"line":93,"column":8}},"20":{"start":{"line":95,"column":6},"end":{"line":103,"column":8}},"21":{"start":{"line":6,"column":13},"end":{"line":6,"column":23}},"22":{"start":{"line":6,"column":13},"end":{"line":106,"column":null}}},"fnMap":{"0":{"name":"(anonymous_2)","decl":{"start":{"line":7,"column":2},"end":{"line":7,"column":null}},"loc":{"start":{"line":9,"column":40},"end":{"line":10,"column":6}}},"1":{"name":"(anonymous_3)","decl":{"start":{"line":12,"column":2},"end":{"line":12,"column":10}},"loc":{"start":{"line":12,"column":10},"end":{"line":14,"column":3}}},"2":{"name":"(anonymous_4)","decl":{"start":{"line":16,"column":2},"end":{"line":16,"column":11}},"loc":{"start":{"line":16,"column":11},"end":{"line":22,"column":3}}},"3":{"name":"(anonymous_5)","decl":{"start":{"line":24,"column":2},"end":{"line":24,"column":7}},"loc":{"start":{"line":24,"column":19},"end":{"line":45,"column":3}}},"4":{"name":"(anonymous_6)","decl":{"start":{"line":47,"column":2},"end":{"line":47,"column":7}},"loc":{"start":{"line":47,"column":22},"end":{"line":66,"column":3}}},"5":{"name":"(anonymous_7)","decl":{"start":{"line":68,"column":2},"end":{"line":68,"column":7}},"loc":{"start":{"line":68,"column":21},"end":{"line":105,"column":3}}}},"branchMap":{"0":{"loc":{"start":{"line":33,"column":16},"end":{"line":33,"column":63}},"type":"cond-expr","locations":[{"start":{"line":33,"column":35},"end":{"line":33,"column":46}},{"start":{"line":33,"column":49},"end":{"line":33,"column":63}}]},"1":{"loc":{"start":{"line":55,"column":16},"end":{"line":55,"column":56}},"type":"cond-expr","locations":[{"start":{"line":55,"column":28},"end":{"line":55,"column":39}},{"start":{"line":55,"column":42},"end":{"line":55,"column":56}}]},"2":{"loc":{"start":{"line":83,"column":25},"end":{"line":83,"column":94}},"type":"binary-expr","locations":[{"start":{"line":83,"column":25},"end":{"line":83,"column":56}},{"start":{"line":83,"column":60},"end":{"line":83,"column":94}}]},"3":{"loc":{"start":{"line":86,"column":16},"end":{"line":86,"column":51}},"type":"cond-expr","locations":[{"start":{"line":86,"column":29},"end":{"line":86,"column":38}},{"start":{"line":86,"column":41},"end":{"line":86,"column":51}}]}},"s":{"0":2,"1":2,"2":2,"3":2,"4":3,"5":3,"6":1,"7":0,"8":0,"9":0,"10":0,"11":0,"12":0,"13":0,"14":0,"15":0,"16":0,"17":0,"18":0,"19":0,"20":0,"21":2,"22":2},"f":{"0":3,"1":1,"2":0,"3":0,"4":0,"5":0},"b":{"0":[0,0],"1":[0,0],"2":[0,0],"3":[0,0]}}
,"/Users/horuscamachoavila/Documents/thoth-analytics-api/src/main.ts": {"path":"/Users/horuscamachoavila/Documents/thoth-analytics-api/src/main.ts","statementMap":{"0":{"start":{"line":1,"column":0},"end":{"line":1,"column":43}},"1":{"start":{"line":2,"column":0},"end":{"line":2,"column":41}},"2":{"start":{"line":5,"column":14},"end":{"line":5,"column":49}},"3":{"start":{"line":6,"column":2},"end":{"line":6,"column":45}},"4":{"start":{"line":9,"column":0},"end":{"line":9,"column":17}}},"fnMap":{"0":{"name":"bootstrap","decl":{"start":{"line":4,"column":15},"end":{"line":4,"column":24}},"loc":{"start":{"line":4,"column":24},"end":{"line":7,"column":1}}}},"branchMap":{"0":{"loc":{"start":{"line":6,"column":19},"end":{"line":6,"column":43}},"type":"binary-expr","locations":[{"start":{"line":6,"column":19},"end":{"line":6,"column":35}},{"start":{"line":6,"column":39},"end":{"line":6,"column":43}}]}},"s":{"0":0,"1":0,"2":0,"3":0,"4":0},"f":{"0":0},"b":{"0":[0,0]}}
,"/Users/horuscamachoavila/Documents/thoth-analytics-api/src/ai-analysis/ai-analysis.module.ts": {"path":"/Users/horuscamachoavila/Documents/thoth-analytics-api/src/ai-analysis/ai-analysis.module.ts","statementMap":{"0":{"start":{"line":1,"column":0},"end":{"line":1,"column":40}},"1":{"start":{"line":4,"column":7},"end":{"line":4,"column":null}},"2":{"start":{"line":4,"column":13},"end":{"line":4,"column":29}},"3":{"start":{"line":4,"column":13},"end":{"line":4,"column":null}}},"fnMap":{},"branchMap":{},"s":{"0":1,"1":1,"2":1,"3":1},"f":{},"b":{}}
,"/Users/horuscamachoavila/Documents/thoth-analytics-api/src/alerts/alerts.module.ts": {"path":"/Users/horuscamachoavila/Documents/thoth-analytics-api/src/alerts/alerts.module.ts","statementMap":{"0":{"start":{"line":1,"column":0},"end":{"line":1,"column":40}},"1":{"start":{"line":4,"column":7},"end":{"line":4,"column":null}},"2":{"start":{"line":4,"column":13},"end":{"line":4,"column":25}},"3":{"start":{"line":4,"column":13},"end":{"line":4,"column":null}}},"fnMap":{},"branchMap":{},"s":{"0":1,"1":1,"2":1,"3":1},"f":{},"b":{}}
,"/Users/horuscamachoavila/Documents/thoth-analytics-api/src/audit/audit.controller.ts": {"path":"/Users/horuscamachoavila/Documents/thoth-analytics-api/src/audit/audit.controller.ts","statementMap":{"0":{"start":{"line":1,"column":0},"end":{"line":1,"column":null}},"1":{"start":{"line":14,"column":0},"end":{"line":14,"column":47}},"2":{"start":{"line":15,"column":0},"end":{"line":15,"column":54}},"3":{"start":{"line":16,"column":0},"end":{"line":16,"column":56}},"4":{"start":{"line":17,"column":0},"end":{"line":17,"column":62}},"5":{"start":{"line":18,"column":0},"end":{"line":18,"column":59}},"6":{"start":{"line":19,"column":0},"end":{"line":19,"column":73}},"7":{"start":{"line":30,"column":7},"end":{"line":177,"column":null}},"8":{"start":{"line":31,"column":31},"end":{"line":31,"column":45}},"9":{"start":{"line":39,"column":19},"end":{"line":39,"column":81}},"10":{"start":{"line":41,"column":4},"end":{"line":49,"column":6}},"11":{"start":{"line":58,"column":16},"end":{"line":61,"column":6}},"12":{"start":{"line":63,"column":21},"end":{"line":63,"column":52}},"13":{"start":{"line":63,"column":40},"end":{"line":63,"column":51}},"14":{"start":{"line":65,"column":4},"end":{"line":67,"column":5}},"15":{"start":{"line":66,"column":6},"end":{"line":66,"column":59}},"16":{"start":{"line":69,"column":4},"end":{"line":72,"column":6}},"17":{"start":{"line":78,"column":18},"end":{"line":78,"column":77}},"18":{"start":{"line":80,"column":4},"end":{"line":83,"column":6}},"19":{"start":{"line":89,"column":22},"end":{"line":89,"column":83}},"20":{"start":{"line":91,"column":4},"end":{"line":95,"column":6}},"21":{"start":{"line":102,"column":19},"end":{"line":102,"column":80}},"22":{"start":{"line":104,"column":4},"end":{"line":107,"column":6}},"23":{"start":{"line":118,"column":4},"end":{"line":120,"column":5}},"24":{"start":{"line":119,"column":6},"end":{"line":119,"column":88}},"25":{"start":{"line":122,"column":19},"end":{"line":125,"column":null}},"26":{"start":{"line":128,"column":22},"end":{"line":128,"column":60}},"27":{"start":{"line":129,"column":21},"end":{"line":129,"column":56}},"28":{"start":{"line":132,"column":4},"end":{"line":144,"column":5}},"29":{"start":{"line":134,"column":8},"end":{"line":134,"column":33}},"30":{"start":{"line":135,"column":8},"end":{"line":135,"column":14}},"31":{"start":{"line":137,"column":8},"end":{"line":137,"column":41}},"32":{"start":{"line":138,"column":8},"end":{"line":138,"column":14}},"33":{"start":{"line":140,"column":8},"end":{"line":140,"column":40}},"34":{"start":{"line":141,"column":8},"end":{"line":141,"column":14}},"35":{"start":{"line":143,"column":8},"end":{"line":143,"column":49}},"36":{"start":{"line":146,"column":4},"end":{"line":150,"column":7}},"37":{"start":{"line":152,"column":4},"end":{"line":152,"column":21}},"38":{"start":{"line":158,"column":31},"end":{"line":161,"column":6}},"39":{"start":{"line":163,"column":4},"end":{"line":175,"column":6}},"40":{"start":{"line":171,"column":51},"end":{"line":171,"column":76}},"41":{"start":{"line":172,"column":47},"end":{"line":172,"column":68}},"42":{"start":{"line":30,"column":13},"end":{"line":30,"column":28}},"43":{"start":{"line":35,"column":8},"end":{"line":50,"column":null}},"44":{"start":{"line":54,"column":8},"end":{"line":73,"column":null}},"45":{"start":{"line":77,"column":8},"end":{"line":84,"column":null}},"46":{"start":{"line":88,"column":8},"end":{"line":96,"column":null}},"47":{"start":{"line":101,"column":8},"end":{"line":108,"column":null}},"48":{"start":{"line":112,"column":8},"end":{"line":153,"column":null}},"49":{"start":{"line":157,"column":8},"end":{"line":176,"column":null}},"50":{"start":{"line":30,"column":13},"end":{"line":177,"column":null}}},"fnMap":{"0":{"name":"(anonymous_4)","decl":{"start":{"line":31,"column":2},"end":{"line":31,"column":31}},"loc":{"start":{"line":31,"column":57},"end":{"line":31,"column":61}}},"1":{"name":"(anonymous_5)","decl":{"start":{"line":35,"column":2},"end":{"line":35,"column":7}},"loc":{"start":{"line":37,"column":45},"end":{"line":50,"column":3}}},"2":{"name":"(anonymous_6)","decl":{"start":{"line":54,"column":2},"end":{"line":54,"column":7}},"loc":{"start":{"line":56,"column":45},"end":{"line":73,"column":3}}},"3":{"name":"(anonymous_7)","decl":{"start":{"line":63,"column":35},"end":{"line":63,"column":36}},"loc":{"start":{"line":63,"column":40},"end":{"line":63,"column":51}}},"4":{"name":"(anonymous_8)","decl":{"start":{"line":77,"column":2},"end":{"line":77,"column":7}},"loc":{"start":{"line":77,"column":58},"end":{"line":84,"column":3}}},"5":{"name":"(anonymous_9)","decl":{"start":{"line":88,"column":2},"end":{"line":88,"column":7}},"loc":{"start":{"line":88,"column":62},"end":{"line":96,"column":3}}},"6":{"name":"(anonymous_10)","decl":{"start":{"line":101,"column":2},"end":{"line":101,"column":7}},"loc":{"start":{"line":101,"column":65},"end":{"line":108,"column":3}}},"7":{"name":"(anonymous_11)","decl":{"start":{"line":112,"column":2},"end":{"line":112,"column":7}},"loc":{"start":{"line":116,"column":24},"end":{"line":153,"column":3}}},"8":{"name":"(anonymous_12)","decl":{"start":{"line":157,"column":2},"end":{"line":157,"column":7}},"loc":{"start":{"line":157,"column":66},"end":{"line":176,"column":3}}},"9":{"name":"(anonymous_13)","decl":{"start":{"line":171,"column":46},"end":{"line":171,"column":47}},"loc":{"start":{"line":171,"column":51},"end":{"line":171,"column":76}}},"10":{"name":"(anonymous_14)","decl":{"start":{"line":172,"column":42},"end":{"line":172,"column":43}},"loc":{"start":{"line":172,"column":47},"end":{"line":172,"column":68}}}},"branchMap":{"0":{"loc":{"start":{"line":46,"column":15},"end":{"line":46,"column":34}},"type":"binary-expr","locations":[{"start":{"line":46,"column":15},"end":{"line":46,"column":28}},{"start":{"line":46,"column":32},"end":{"line":46,"column":34}}]},"1":{"loc":{"start":{"line":47,"column":16},"end":{"line":47,"column":35}},"type":"binary-expr","locations":[{"start":{"line":47,"column":16},"end":{"line":47,"column":30}},{"start":{"line":47,"column":34},"end":{"line":47,"column":35}}]},"2":{"loc":{"start":{"line":65,"column":4},"end":{"line":67,"column":5}},"type":"if","locations":[{"start":{"line":65,"column":4},"end":{"line":67,"column":5}}]},"3":{"loc":{"start":{"line":118,"column":4},"end":{"line":120,"column":5}},"type":"if","locations":[{"start":{"line":118,"column":4},"end":{"line":120,"column":5}}]},"4":{"loc":{"start":{"line":132,"column":4},"end":{"line":144,"column":5}},"type":"switch","locations":[{"start":{"line":133,"column":6},"end":{"line":135,"column":14}},{"start":{"line":136,"column":6},"end":{"line":138,"column":14}},{"start":{"line":139,"column":6},"end":{"line":141,"column":14}},{"start":{"line":142,"column":6},"end":{"line":143,"column":49}}]}},"s":{"0":3,"1":3,"2":3,"3":3,"4":3,"5":3,"6":3,"7":3,"8":19,"9":2,"10":2,"11":3,"12":3,"13":1,"14":3,"15":2,"16":1,"17":1,"18":1,"19":1,"20":1,"21":1,"22":1,"23":5,"24":2,"25":3,"26":3,"27":3,"28":3,"29":1,"30":1,"31":1,"32":1,"33":1,"34":1,"35":0,"36":3,"37":3,"38":2,"39":2,"40":16,"41":16,"42":3,"43":3,"44":3,"45":3,"46":3,"47":3,"48":3,"49":3,"50":3},"f":{"0":19,"1":2,"2":3,"3":1,"4":1,"5":1,"6":1,"7":5,"8":2,"9":16,"10":16},"b":{"0":[2,1],"1":[2,2],"2":[2],"3":[2],"4":[1,1,1,0]}}
,"/Users/horuscamachoavila/Documents/thoth-analytics-api/src/audit/audit.module.ts": {"path":"/Users/horuscamachoavila/Documents/thoth-analytics-api/src/audit/audit.module.ts","statementMap":{"0":{"start":{"line":1,"column":0},"end":{"line":1,"column":40}},"1":{"start":{"line":2,"column":0},"end":{"line":2,"column":47}},"2":{"start":{"line":3,"column":0},"end":{"line":3,"column":53}},"3":{"start":{"line":4,"column":0},"end":{"line":4,"column":61}},"4":{"start":{"line":12,"column":7},"end":{"line":12,"column":null}},"5":{"start":{"line":12,"column":13},"end":{"line":12,"column":24}},"6":{"start":{"line":12,"column":13},"end":{"line":12,"column":null}}},"fnMap":{},"branchMap":{},"s":{"0":2,"1":2,"2":2,"3":2,"4":2,"5":2,"6":2},"f":{},"b":{}}
,"/Users/horuscamachoavila/Documents/thoth-analytics-api/src/audit/audit.service.ts": {"path":"/Users/horuscamachoavila/Documents/thoth-analytics-api/src/audit/audit.service.ts","statementMap":{"0":{"start":{"line":1,"column":0},"end":{"line":1,"column":65}},"1":{"start":{"line":2,"column":0},"end":{"line":2,"column":59}},"2":{"start":{"line":3,"column":0},"end":{"line":3,"column":62}},"3":{"start":{"line":4,"column":0},"end":{"line":4,"column":33}},"4":{"start":{"line":9,"column":7},"end":{"line":454,"column":null}},"5":{"start":{"line":10,"column":31},"end":{"line":10,"column":39}},"6":{"start":{"line":14,"column":25},"end":{"line":23,"column":15}},"7":{"start":{"line":25,"column":21},"end":{"line":25,"column":83}},"8":{"start":{"line":28,"column":28},"end":{"line":34,"column":6}},"9":{"start":{"line":37,"column":4},"end":{"line":37,"column":67}},"10":{"start":{"line":37,"column":35},"end":{"line":37,"column":67}},"11":{"start":{"line":38,"column":4},"end":{"line":38,"column":73}},"12":{"start":{"line":38,"column":37},"end":{"line":38,"column":73}},"13":{"start":{"line":39,"column":4},"end":{"line":39,"column":76}},"14":{"start":{"line":39,"column":38},"end":{"line":39,"column":76}},"15":{"start":{"line":40,"column":4},"end":{"line":40,"column":76}},"16":{"start":{"line":40,"column":38},"end":{"line":40,"column":76}},"17":{"start":{"line":41,"column":4},"end":{"line":41,"column":73}},"18":{"start":{"line":41,"column":37},"end":{"line":41,"column":73}},"19":{"start":{"line":42,"column":4},"end":{"line":42,"column":76}},"20":{"start":{"line":42,"column":38},"end":{"line":42,"column":76}},"21":{"start":{"line":43,"column":4},"end":{"line":43,"column":76}},"22":{"start":{"line":43,"column":38},"end":{"line":43,"column":76}},"23":{"start":{"line":44,"column":4},"end":{"line":44,"column":76}},"24":{"start":{"line":44,"column":38},"end":{"line":44,"column":76}},"25":{"start":{"line":45,"column":4},"end":{"line":45,"column":100}},"26":{"start":{"line":45,"column":46},"end":{"line":45,"column":100}},"27":{"start":{"line":46,"column":4},"end":{"line":46,"column":88}},"28":{"start":{"line":46,"column":42},"end":{"line":46,"column":88}},"29":{"start":{"line":48,"column":21},"end":{"line":50,"column":6}},"30":{"start":{"line":52,"column":4},"end":{"line":52,"column":20}},"31":{"start":{"line":59,"column":23},"end":{"line":59,"column":35}},"32":{"start":{"line":62,"column":4},"end":{"line":62,"column":54}},"33":{"start":{"line":62,"column":24},"end":{"line":62,"column":54}},"34":{"start":{"line":63,"column":4},"end":{"line":63,"column":54}},"35":{"start":{"line":63,"column":24},"end":{"line":63,"column":54}},"36":{"start":{"line":64,"column":4},"end":{"line":64,"column":66}},"37":{"start":{"line":64,"column":28},"end":{"line":64,"column":66}},"38":{"start":{"line":65,"column":4},"end":{"line":65,"column":60}},"39":{"start":{"line":65,"column":26},"end":{"line":65,"column":60}},"40":{"start":{"line":66,"column":4},"end":{"line":66,"column":63}},"41":{"start":{"line":66,"column":27},"end":{"line":66,"column":63}},"42":{"start":{"line":67,"column":4},"end":{"line":67,"column":75}},"43":{"start":{"line":67,"column":31},"end":{"line":67,"column":75}},"44":{"start":{"line":70,"column":4},"end":{"line":74,"column":5}},"45":{"start":{"line":71,"column":6},"end":{"line":71,"column":29}},"46":{"start":{"line":72,"column":6},"end":{"line":72,"column":81}},"47":{"start":{"line":72,"column":29},"end":{"line":72,"column":81}},"48":{"start":{"line":73,"column":6},"end":{"line":73,"column":77}},"49":{"start":{"line":73,"column":27},"end":{"line":73,"column":77}},"50":{"start":{"line":77,"column":4},"end":{"line":83,"column":5}},"51":{"start":{"line":78,"column":6},"end":{"line":82,"column":8}},"52":{"start":{"line":85,"column":26},"end":{"line":103,"column":6}},"53":{"start":{"line":105,"column":4},"end":{"line":105,"column":27}},"54":{"start":{"line":109,"column":16},"end":{"line":109,"column":26}},"55":{"start":{"line":110,"column":23},"end":{"line":110,"column":81}},"56":{"start":{"line":121,"column":8},"end":{"line":193,"column":6}},"57":{"start":{"line":138,"column":23},"end":{"line":138,"column":35}},"58":{"start":{"line":195,"column":4},"end":{"line":212,"column":6}},"59":{"start":{"line":199,"column":44},"end":{"line":202,"column":8}},"60":{"start":{"line":203,"column":61},"end":{"line":206,"column":8}},"61":{"start":{"line":216,"column":39},"end":{"line":216,"column":41}},"62":{"start":{"line":217,"column":16},"end":{"line":217,"column":26}},"63":{"start":{"line":218,"column":23},"end":{"line":218,"column":63}},"64":{"start":{"line":219,"column":22},"end":{"line":219,"column":67}},"65":{"start":{"line":222,"column":29},"end":{"line":234,"column":6}},"66":{"start":{"line":236,"column":4},"end":{"line":247,"column":5}},"67":{"start":{"line":237,"column":6},"end":{"line":246,"column":9}},"68":{"start":{"line":250,"column":32},"end":{"line":259,"column":15}},"69":{"start":{"line":261,"column":4},"end":{"line":272,"column":5}},"70":{"start":{"line":262,"column":6},"end":{"line":271,"column":9}},"71":{"start":{"line":275,"column":25},"end":{"line":289,"column":15}},"72":{"start":{"line":291,"column":4},"end":{"line":302,"column":5}},"73":{"start":{"line":292,"column":6},"end":{"line":301,"column":9}},"74":{"start":{"line":304,"column":4},"end":{"line":304,"column":21}},"75":{"start":{"line":308,"column":17},"end":{"line":322,"column":6}},"76":{"start":{"line":324,"column":26},"end":{"line":324,"column":28}},"77":{"start":{"line":325,"column":20},"end":{"line":325,"column":21}},"78":{"start":{"line":327,"column":4},"end":{"line":351,"column":5}},"79":{"start":{"line":328,"column":27},"end":{"line":337,"column":17}},"80":{"start":{"line":339,"column":31},"end":{"line":339,"column":93}},"81":{"start":{"line":341,"column":6},"end":{"line":350,"column":7}},"82":{"start":{"line":342,"column":8},"end":{"line":347,"column":11}},"83":{"start":{"line":349,"column":8},"end":{"line":349,"column":20}},"84":{"start":{"line":353,"column":4},"end":{"line":358,"column":6}},"85":{"start":{"line":366,"column":21},"end":{"line":366,"column":79}},"86":{"start":{"line":368,"column":4},"end":{"line":380,"column":5}},"87":{"start":{"line":370,"column":8},"end":{"line":370,"column":58}},"88":{"start":{"line":373,"column":8},"end":{"line":373,"column":38}},"89":{"start":{"line":376,"column":8},"end":{"line":376,"column":38}},"90":{"start":{"line":379,"column":8},"end":{"line":379,"column":67}},"91":{"start":{"line":384,"column":20},"end":{"line":387,"column":6}},"92":{"start":{"line":389,"column":20},"end":{"line":389,"column":39}},"93":{"start":{"line":391,"column":4},"end":{"line":404,"column":5}},"94":{"start":{"line":392,"column":18},"end":{"line":402,"column":8}},"95":{"start":{"line":403,"column":6},"end":{"line":403,"column":34}},"96":{"start":{"line":406,"column":4},"end":{"line":406,"column":43}},"97":{"start":{"line":412,"column":20},"end":{"line":418,"column":14}},"98":{"start":{"line":417,"column":2},"end":{"line":417,"column":100}},"99":{"start":{"line":420,"column":4},"end":{"line":420,"column":32}},"100":{"start":{"line":435,"column":4},"end":{"line":452,"column":5}},"101":{"start":{"line":436,"column":6},"end":{"line":448,"column":9}},"102":{"start":{"line":451,"column":6},"end":{"line":451,"column":58}},"103":{"start":{"line":9,"column":13},"end":{"line":9,"column":25}},"104":{"start":{"line":9,"column":13},"end":{"line":454,"column":null}}},"fnMap":{"0":{"name":"(anonymous_2)","decl":{"start":{"line":10,"column":2},"end":{"line":10,"column":31}},"loc":{"start":{"line":10,"column":52},"end":{"line":10,"column":56}}},"1":{"name":"(anonymous_3)","decl":{"start":{"line":12,"column":2},"end":{"line":12,"column":7}},"loc":{"start":{"line":12,"column":46},"end":{"line":53,"column":3}}},"2":{"name":"(anonymous_4)","decl":{"start":{"line":55,"column":2},"end":{"line":55,"column":7}},"loc":{"start":{"line":55,"column":58},"end":{"line":106,"column":3}}},"3":{"name":"(anonymous_5)","decl":{"start":{"line":108,"column":2},"end":{"line":108,"column":7}},"loc":{"start":{"line":108,"column":38},"end":{"line":213,"column":3}}},"4":{"name":"(anonymous_6)","decl":{"start":{"line":138,"column":14},"end":{"line":138,"column":19}},"loc":{"start":{"line":138,"column":23},"end":{"line":138,"column":35}}},"5":{"name":"(anonymous_7)","decl":{"start":{"line":199,"column":33},"end":{"line":199,"column":39}},"loc":{"start":{"line":199,"column":44},"end":{"line":202,"column":8}}},"6":{"name":"(anonymous_8)","decl":{"start":{"line":203,"column":52},"end":{"line":203,"column":56}},"loc":{"start":{"line":203,"column":61},"end":{"line":206,"column":8}}},"7":{"name":"(anonymous_9)","decl":{"start":{"line":215,"column":2},"end":{"line":215,"column":7}},"loc":{"start":{"line":215,"column":40},"end":{"line":305,"column":3}}},"8":{"name":"(anonymous_10)","decl":{"start":{"line":307,"column":2},"end":{"line":307,"column":7}},"loc":{"start":{"line":307,"column":40},"end":{"line":359,"column":3}}},"9":{"name":"(anonymous_11)","decl":{"start":{"line":361,"column":2},"end":{"line":361,"column":7}},"loc":{"start":{"line":364,"column":34},"end":{"line":381,"column":3}}},"10":{"name":"(anonymous_12)","decl":{"start":{"line":383,"column":10},"end":{"line":383,"column":21}},"loc":{"start":{"line":383,"column":39},"end":{"line":407,"column":3}}},"11":{"name":"(anonymous_13)","decl":{"start":{"line":409,"column":10},"end":{"line":409,"column":21}},"loc":{"start":{"line":409,"column":39},"end":{"line":421,"column":3}}},"12":{"name":"(anonymous_14)","decl":{"start":{"line":416,"column":11},"end":{"line":416,"column":14}},"loc":{"start":{"line":417,"column":2},"end":{"line":417,"column":100}}}},"branchMap":{"0":{"loc":{"start":{"line":15,"column":6},"end":{"line":15,"column":25}},"type":"binary-expr","locations":[{"start":{"line":15,"column":6},"end":{"line":15,"column":19}},{"start":{"line":15,"column":23},"end":{"line":15,"column":25}}]},"1":{"loc":{"start":{"line":16,"column":6},"end":{"line":16,"column":23}},"type":"binary-expr","locations":[{"start":{"line":16,"column":6},"end":{"line":16,"column":17}},{"start":{"line":16,"column":21},"end":{"line":16,"column":23}}]},"2":{"loc":{"start":{"line":19,"column":6},"end":{"line":19,"column":25}},"type":"binary-expr","locations":[{"start":{"line":19,"column":6},"end":{"line":19,"column":19}},{"start":{"line":19,"column":23},"end":{"line":19,"column":25}}]},"3":{"loc":{"start":{"line":20,"column":21},"end":{"line":20,"column":41}},"type":"binary-expr","locations":[{"start":{"line":20,"column":21},"end":{"line":20,"column":35}},{"start":{"line":20,"column":39},"end":{"line":20,"column":41}}]},"4":{"loc":{"start":{"line":21,"column":21},"end":{"line":21,"column":41}},"type":"binary-expr","locations":[{"start":{"line":21,"column":21},"end":{"line":21,"column":35}},{"start":{"line":21,"column":39},"end":{"line":21,"column":41}}]},"5":{"loc":{"start":{"line":37,"column":4},"end":{"line":37,"column":67}},"type":"if","locations":[{"start":{"line":37,"column":4},"end":{"line":37,"column":67}}]},"6":{"loc":{"start":{"line":38,"column":4},"end":{"line":38,"column":73}},"type":"if","locations":[{"start":{"line":38,"column":4},"end":{"line":38,"column":73}}]},"7":{"loc":{"start":{"line":39,"column":4},"end":{"line":39,"column":76}},"type":"if","locations":[{"start":{"line":39,"column":4},"end":{"line":39,"column":76}}]},"8":{"loc":{"start":{"line":40,"column":4},"end":{"line":40,"column":76}},"type":"if","locations":[{"start":{"line":40,"column":4},"end":{"line":40,"column":76}}]},"9":{"loc":{"start":{"line":41,"column":4},"end":{"line":41,"column":73}},"type":"if","locations":[{"start":{"line":41,"column":4},"end":{"line":41,"column":73}}]},"10":{"loc":{"start":{"line":42,"column":4},"end":{"line":42,"column":76}},"type":"if","locations":[{"start":{"line":42,"column":4},"end":{"line":42,"column":76}}]},"11":{"loc":{"start":{"line":43,"column":4},"end":{"line":43,"column":76}},"type":"if","locations":[{"start":{"line":43,"column":4},"end":{"line":43,"column":76}}]},"12":{"loc":{"start":{"line":44,"column":4},"end":{"line":44,"column":76}},"type":"if","locations":[{"start":{"line":44,"column":4},"end":{"line":44,"column":76}}]},"13":{"loc":{"start":{"line":45,"column":4},"end":{"line":45,"column":100}},"type":"if","locations":[{"start":{"line":45,"column":4},"end":{"line":45,"column":100}}]},"14":{"loc":{"start":{"line":46,"column":4},"end":{"line":46,"column":88}},"type":"if","locations":[{"start":{"line":46,"column":4},"end":{"line":46,"column":88}}]},"15":{"loc":{"start":{"line":62,"column":4},"end":{"line":62,"column":54}},"type":"if","locations":[{"start":{"line":62,"column":4},"end":{"line":62,"column":54}}]},"16":{"loc":{"start":{"line":63,"column":4},"end":{"line":63,"column":54}},"type":"if","locations":[{"start":{"line":63,"column":4},"end":{"line":63,"column":54}}]},"17":{"loc":{"start":{"line":64,"column":4},"end":{"line":64,"column":66}},"type":"if","locations":[{"start":{"line":64,"column":4},"end":{"line":64,"column":66}}]},"18":{"loc":{"start":{"line":65,"column":4},"end":{"line":65,"column":60}},"type":"if","locations":[{"start":{"line":65,"column":4},"end":{"line":65,"column":60}}]},"19":{"loc":{"start":{"line":66,"column":4},"end":{"line":66,"column":63}},"type":"if","locations":[{"start":{"line":66,"column":4},"end":{"line":66,"column":63}}]},"20":{"loc":{"start":{"line":67,"column":4},"end":{"line":67,"column":75}},"type":"if","locations":[{"start":{"line":67,"column":4},"end":{"line":67,"column":75}}]},"21":{"loc":{"start":{"line":70,"column":4},"end":{"line":74,"column":5}},"type":"if","locations":[{"start":{"line":70,"column":4},"end":{"line":74,"column":5}}]},"22":{"loc":{"start":{"line":70,"column":8},"end":{"line":70,"column":44}},"type":"binary-expr","locations":[{"start":{"line":70,"column":8},"end":{"line":70,"column":25}},{"start":{"line":70,"column":29},"end":{"line":70,"column":44}}]},"23":{"loc":{"start":{"line":72,"column":6},"end":{"line":72,"column":81}},"type":"if","locations":[{"start":{"line":72,"column":6},"end":{"line":72,"column":81}}]},"24":{"loc":{"start":{"line":73,"column":6},"end":{"line":73,"column":77}},"type":"if","locations":[{"start":{"line":73,"column":6},"end":{"line":73,"column":77}}]},"25":{"loc":{"start":{"line":77,"column":4},"end":{"line":83,"column":5}},"type":"if","locations":[{"start":{"line":77,"column":4},"end":{"line":83,"column":5}}]},"26":{"loc":{"start":{"line":89,"column":14},"end":{"line":89,"column":33}},"type":"binary-expr","locations":[{"start":{"line":89,"column":14},"end":{"line":89,"column":27}},{"start":{"line":89,"column":31},"end":{"line":89,"column":33}}]},"27":{"loc":{"start":{"line":90,"column":14},"end":{"line":90,"column":33}},"type":"binary-expr","locations":[{"start":{"line":90,"column":14},"end":{"line":90,"column":28}},{"start":{"line":90,"column":32},"end":{"line":90,"column":33}}]},"28":{"loc":{"start":{"line":209,"column":23},"end":{"line":209,"column":60}},"type":"binary-expr","locations":[{"start":{"line":209,"column":23},"end":{"line":209,"column":55}},{"start":{"line":209,"column":59},"end":{"line":209,"column":60}}]},"29":{"loc":{"start":{"line":210,"column":22},"end":{"line":210,"column":58}},"type":"binary-expr","locations":[{"start":{"line":210,"column":22},"end":{"line":210,"column":53}},{"start":{"line":210,"column":57},"end":{"line":210,"column":58}}]},"30":{"loc":{"start":{"line":241,"column":18},"end":{"line":241,"column":67}},"type":"cond-expr","locations":[{"start":{"line":241,"column":48},"end":{"line":241,"column":58}},{"start":{"line":241,"column":61},"end":{"line":241,"column":67}}]},"31":{"loc":{"start":{"line":329,"column":8},"end":{"line":329,"column":26}},"type":"binary-expr","locations":[{"start":{"line":329,"column":8},"end":{"line":329,"column":20}},{"start":{"line":329,"column":24},"end":{"line":329,"column":26}}]},"32":{"loc":{"start":{"line":330,"column":8},"end":{"line":330,"column":24}},"type":"binary-expr","locations":[{"start":{"line":330,"column":8},"end":{"line":330,"column":18}},{"start":{"line":330,"column":22},"end":{"line":330,"column":24}}]},"33":{"loc":{"start":{"line":333,"column":8},"end":{"line":333,"column":26}},"type":"binary-expr","locations":[{"start":{"line":333,"column":8},"end":{"line":333,"column":20}},{"start":{"line":333,"column":24},"end":{"line":333,"column":26}}]},"34":{"loc":{"start":{"line":334,"column":23},"end":{"line":334,"column":42}},"type":"binary-expr","locations":[{"start":{"line":334,"column":23},"end":{"line":334,"column":36}},{"start":{"line":334,"column":40},"end":{"line":334,"column":42}}]},"35":{"loc":{"start":{"line":335,"column":23},"end":{"line":335,"column":42}},"type":"binary-expr","locations":[{"start":{"line":335,"column":23},"end":{"line":335,"column":36}},{"start":{"line":335,"column":40},"end":{"line":335,"column":42}}]},"36":{"loc":{"start":{"line":341,"column":6},"end":{"line":350,"column":7}},"type":"if","locations":[{"start":{"line":341,"column":6},"end":{"line":350,"column":7}},{"start":{"line":348,"column":13},"end":{"line":350,"column":7}}]},"37":{"loc":{"start":{"line":368,"column":4},"end":{"line":380,"column":5}},"type":"switch","locations":[{"start":{"line":369,"column":6},"end":{"line":370,"column":58}},{"start":{"line":372,"column":6},"end":{"line":373,"column":38}},{"start":{"line":375,"column":6},"end":{"line":376,"column":38}},{"start":{"line":378,"column":6},"end":{"line":379,"column":67}}]},"38":{"loc":{"start":{"line":395,"column":8},"end":{"line":395,"column":24}},"type":"binary-expr","locations":[{"start":{"line":395,"column":8},"end":{"line":395,"column":18}},{"start":{"line":395,"column":22},"end":{"line":395,"column":24}}]},"39":{"loc":{"start":{"line":398,"column":8},"end":{"line":398,"column":26}},"type":"binary-expr","locations":[{"start":{"line":398,"column":8},"end":{"line":398,"column":20}},{"start":{"line":398,"column":24},"end":{"line":398,"column":26}}]},"40":{"loc":{"start":{"line":399,"column":8},"end":{"line":399,"column":27}},"type":"binary-expr","locations":[{"start":{"line":399,"column":8},"end":{"line":399,"column":21}},{"start":{"line":399,"column":25},"end":{"line":399,"column":27}}]},"41":{"loc":{"start":{"line":400,"column":8},"end":{"line":400,"column":69}},"type":"cond-expr","locations":[{"start":{"line":400,"column":24},"end":{"line":400,"column":64}},{"start":{"line":400,"column":67},"end":{"line":400,"column":69}}]},"42":{"loc":{"start":{"line":417,"column":76},"end":{"line":417,"column":98}},"type":"binary-expr","locations":[{"start":{"line":417,"column":76},"end":{"line":417,"column":86}},{"start":{"line":417,"column":90},"end":{"line":417,"column":98}}]}},"s":{"0":9,"1":9,"2":9,"3":9,"4":9,"5":21,"6":2,"7":2,"8":2,"9":2,"10":1,"11":2,"12":1,"13":2,"14":1,"15":2,"16":1,"17":2,"18":1,"19":2,"20":1,"21":2,"22":1,"23":2,"24":1,"25":2,"26":1,"27":2,"28":1,"29":2,"30":2,"31":2,"32":2,"33":1,"34":2,"35":1,"36":2,"37":0,"38":2,"39":0,"40":2,"41":0,"42":2,"43":0,"44":2,"45":1,"46":1,"47":1,"48":1,"49":1,"50":2,"51":1,"52":2,"53":2,"54":1,"55":1,"56":1,"57":1,"58":1,"59":1,"60":1,"61":2,"62":2,"63":2,"64":2,"65":2,"66":2,"67":2,"68":2,"69":2,"70":1,"71":2,"72":2,"73":0,"74":2,"75":2,"76":2,"77":2,"78":2,"79":2,"80":2,"81":2,"82":1,"83":1,"84":2,"85":4,"86":4,"87":1,"88":1,"89":1,"90":1,"91":1,"92":1,"93":1,"94":1,"95":1,"96":1,"97":1,"98":1,"99":1,"100":2,"101":2,"102":1,"103":9,"104":9},"f":{"0":21,"1":2,"2":2,"3":1,"4":1,"5":1,"6":1,"7":2,"8":2,"9":4,"10":1,"11":1,"12":1},"b":{"0":[2,0],"1":[2,1],"2":[2,1],"3":[2,1],"4":[2,1],"5":[1],"6":[1],"7":[1],"8":[1],"9":[1],"10":[1],"11":[1],"12":[1],"13":[1],"14":[1],"15":[1],"16":[1],"17":[0],"18":[0],"19":[0],"20":[0],"21":[1],"22":[2,1],"23":[1],"24":[1],"25":[1],"26":[2,1],"27":[2,2],"28":[1,0],"29":[1,0],"30":[1,1],"31":[2,0],"32":[2,0],"33":[2,0],"34":[2,0],"35":[2,0],"36":[1,1],"37":[1,1,1,1],"38":[1,0],"39":[1,0],"40":[1,0],"41":[1,0],"42":[1,0]}}
,"/Users/horuscamachoavila/Documents/thoth-analytics-api/src/audit/dto/audit-filters.dto.ts": {"path":"/Users/horuscamachoavila/Documents/thoth-analytics-api/src/audit/dto/audit-filters.dto.ts","statementMap":{"0":{"start":{"line":1,"column":0},"end":{"line":1,"column":100}},"1":{"start":{"line":2,"column":0},"end":{"line":2,"column":46}},"2":{"start":{"line":3,"column":0},"end":{"line":3,"column":77}},"3":{"start":{"line":43,"column":2},"end":{"line":43,"column":22}},"4":{"start":{"line":49,"column":2},"end":{"line":49,"column":22}},"5":{"start":{"line":5,"column":0},"end":{"line":5,"column":13}},"6":{"start":{"line":8,"column":2},"end":{"line":8,"column":null}},"7":{"start":{"line":12,"column":2},"end":{"line":12,"column":null}},"8":{"start":{"line":16,"column":2},"end":{"line":16,"column":null}},"9":{"start":{"line":20,"column":2},"end":{"line":20,"column":null}},"10":{"start":{"line":24,"column":2},"end":{"line":24,"column":null}},"11":{"start":{"line":28,"column":2},"end":{"line":28,"column":null}},"12":{"start":{"line":32,"column":2},"end":{"line":32,"column":null}},"13":{"start":{"line":36,"column":2},"end":{"line":36,"column":null}},"14":{"start":{"line":43,"column":2},"end":{"line":43,"column":null}},"15":{"start":{"line":39,"column":28},"end":{"line":39,"column":43}},"16":{"start":{"line":49,"column":2},"end":{"line":49,"column":null}},"17":{"start":{"line":46,"column":28},"end":{"line":46,"column":43}},"18":{"start":{"line":53,"column":2},"end":{"line":53,"column":null}}},"fnMap":{"0":{"name":"(anonymous_2)","decl":{"start":{"line":5,"column":0},"end":{"line":5,"column":13}},"loc":{"start":{"line":5,"column":0},"end":{"line":54,"column":1}}},"1":{"name":"(anonymous_3)","decl":{"start":{"line":39,"column":13},"end":{"line":39,"column":14}},"loc":{"start":{"line":39,"column":28},"end":{"line":39,"column":43}}},"2":{"name":"(anonymous_4)","decl":{"start":{"line":46,"column":13},"end":{"line":46,"column":14}},"loc":{"start":{"line":46,"column":28},"end":{"line":46,"column":43}}}},"branchMap":{},"s":{"0":3,"1":3,"2":3,"3":0,"4":0,"5":3,"6":3,"7":3,"8":3,"9":3,"10":3,"11":3,"12":3,"13":3,"14":3,"15":0,"16":3,"17":0,"18":3},"f":{"0":0,"1":0,"2":0},"b":{}}
,"/Users/horuscamachoavila/Documents/thoth-analytics-api/src/audit/dto/create-audit-log.dto.ts": {"path":"/Users/horuscamachoavila/Documents/thoth-analytics-api/src/audit/dto/create-audit-log.dto.ts","statementMap":{"0":{"start":{"line":1,"column":0},"end":{"line":1,"column":79}},"1":{"start":{"line":2,"column":0},"end":{"line":2,"column":77}},"2":{"start":{"line":4,"column":0},"end":{"line":4,"column":13}},"3":{"start":{"line":6,"column":2},"end":{"line":6,"column":null}},"4":{"start":{"line":10,"column":2},"end":{"line":10,"column":null}},"5":{"start":{"line":13,"column":2},"end":{"line":13,"column":null}},"6":{"start":{"line":16,"column":2},"end":{"line":16,"column":null}},"7":{"start":{"line":20,"column":2},"end":{"line":20,"column":null}},"8":{"start":{"line":24,"column":2},"end":{"line":24,"column":null}},"9":{"start":{"line":28,"column":2},"end":{"line":28,"column":null}},"10":{"start":{"line":32,"column":2},"end":{"line":32,"column":null}},"11":{"start":{"line":36,"column":2},"end":{"line":36,"column":null}},"12":{"start":{"line":40,"column":2},"end":{"line":40,"column":null}},"13":{"start":{"line":44,"column":2},"end":{"line":44,"column":null}},"14":{"start":{"line":48,"column":2},"end":{"line":48,"column":null}},"15":{"start":{"line":52,"column":2},"end":{"line":52,"column":null}}},"fnMap":{},"branchMap":{},"s":{"0":3,"1":3,"2":3,"3":3,"4":3,"5":3,"6":3,"7":3,"8":3,"9":3,"10":3,"11":3,"12":3,"13":3,"14":3,"15":3},"f":{},"b":{}}
,"/Users/horuscamachoavila/Documents/thoth-analytics-api/src/audit/dto/export-format.dto.ts": {"path":"/Users/horuscamachoavila/Documents/thoth-analytics-api/src/audit/dto/export-format.dto.ts","statementMap":{"0":{"start":{"line":1,"column":0},"end":{"line":1,"column":41}},"1":{"start":{"line":3,"column":0},"end":{"line":3,"column":null}},"2":{"start":{"line":4,"column":2},"end":{"line":4,"column":null}},"3":{"start":{"line":5,"column":2},"end":{"line":5,"column":null}},"4":{"start":{"line":6,"column":2},"end":{"line":6,"column":null}},"5":{"start":{"line":9,"column":0},"end":{"line":9,"column":13}},"6":{"start":{"line":11,"column":2},"end":{"line":11,"column":null}}},"fnMap":{"0":{"name":"(anonymous_2)","decl":{"start":{"line":3,"column":0},"end":{"line":3,"column":12}},"loc":{"start":{"line":3,"column":24},"end":{"line":7,"column":1}}}},"branchMap":{"0":{"loc":{"start":{"line":3,"column":12},"end":{"line":3,"column":null}},"type":"binary-expr","locations":[{"start":{"line":3,"column":12},"end":{"line":3,"column":24}},{"start":{"line":3,"column":24},"end":{"line":3,"column":null}}]}},"s":{"0":3,"1":3,"2":3,"3":3,"4":3,"5":3,"6":3},"f":{"0":3},"b":{"0":[3,3]}}
,"/Users/horuscamachoavila/Documents/thoth-analytics-api/src/audit/dto/index.ts": {"path":"/Users/horuscamachoavila/Documents/thoth-analytics-api/src/audit/dto/index.ts","statementMap":{"0":{"start":{"line":1,"column":0},"end":{"line":1,"column":39}},"1":{"start":{"line":2,"column":0},"end":{"line":2,"column":36}},"2":{"start":{"line":3,"column":0},"end":{"line":3,"column":36}}},"fnMap":{},"branchMap":{},"s":{"0":3,"1":3,"2":3},"f":{},"b":{}}
,"/Users/horuscamachoavila/Documents/thoth-analytics-api/src/auth/auth.controller.ts": {"path":"/Users/horuscamachoavila/Documents/thoth-analytics-api/src/auth/auth.controller.ts","statementMap":{"0":{"start":{"line":1,"column":0},"end":{"line":1,"column":94}},"1":{"start":{"line":2,"column":0},"end":{"line":2,"column":57}},"2":{"start":{"line":3,"column":0},"end":{"line":3,"column":43}},"3":{"start":{"line":4,"column":0},"end":{"line":4,"column":58}},"4":{"start":{"line":5,"column":0},"end":{"line":5,"column":55}},"5":{"start":{"line":6,"column":0},"end":{"line":6,"column":67}},"6":{"start":{"line":7,"column":0},"end":{"line":7,"column":50}},"7":{"start":{"line":8,"column":0},"end":{"line":8,"column":53}},"8":{"start":{"line":9,"column":0},"end":{"line":9,"column":56}},"9":{"start":{"line":12,"column":7},"end":{"line":113,"column":null}},"10":{"start":{"line":13,"column":31},"end":{"line":13,"column":44}},"11":{"start":{"line":29,"column":19},"end":{"line":32,"column":null}},"12":{"start":{"line":36,"column":17},"end":{"line":39,"column":null}},"13":{"start":{"line":42,"column":4},"end":{"line":52,"column":6}},"14":{"start":{"line":62,"column":19},"end":{"line":62,"column":85}},"15":{"start":{"line":64,"column":4},"end":{"line":67,"column":6}},"16":{"start":{"line":79,"column":4},"end":{"line":81,"column":6}},"17":{"start":{"line":90,"column":4},"end":{"line":93,"column":6}},"18":{"start":{"line":100,"column":4},"end":{"line":102,"column":6}},"19":{"start":{"line":109,"column":4},"end":{"line":111,"column":6}},"20":{"start":{"line":12,"column":13},"end":{"line":12,"column":27}},"21":{"start":{"line":18,"column":8},"end":{"line":53,"column":null}},"22":{"start":{"line":58,"column":8},"end":{"line":68,"column":null}},"23":{"start":{"line":73,"column":2},"end":{"line":82,"column":null}},"24":{"start":{"line":86,"column":2},"end":{"line":94,"column":null}},"25":{"start":{"line":99,"column":2},"end":{"line":103,"column":null}},"26":{"start":{"line":108,"column":2},"end":{"line":112,"column":null}},"27":{"start":{"line":12,"column":13},"end":{"line":113,"column":null}}},"fnMap":{"0":{"name":"(anonymous_4)","decl":{"start":{"line":13,"column":2},"end":{"line":13,"column":31}},"loc":{"start":{"line":13,"column":55},"end":{"line":13,"column":59}}},"1":{"name":"(anonymous_5)","decl":{"start":{"line":18,"column":2},"end":{"line":18,"column":7}},"loc":{"start":{"line":18,"column":40},"end":{"line":53,"column":3}}},"2":{"name":"(anonymous_6)","decl":{"start":{"line":58,"column":2},"end":{"line":58,"column":7}},"loc":{"start":{"line":58,"column":56},"end":{"line":68,"column":3}}},"3":{"name":"(anonymous_7)","decl":{"start":{"line":73,"column":2},"end":{"line":73,"column":8}},"loc":{"start":{"line":73,"column":8},"end":{"line":82,"column":3}}},"4":{"name":"(anonymous_8)","decl":{"start":{"line":86,"column":2},"end":{"line":86,"column":12}},"loc":{"start":{"line":86,"column":42},"end":{"line":94,"column":3}}},"5":{"name":"(anonymous_9)","decl":{"start":{"line":99,"column":2},"end":{"line":99,"column":11}},"loc":{"start":{"line":99,"column":11},"end":{"line":103,"column":3}}},"6":{"name":"(anonymous_10)","decl":{"start":{"line":108,"column":2},"end":{"line":108,"column":16}},"loc":{"start":{"line":108,"column":16},"end":{"line":112,"column":3}}}},"branchMap":{},"s":{"0":3,"1":3,"2":3,"3":3,"4":3,"5":3,"6":3,"7":3,"8":3,"9":3,"10":11,"11":2,"12":1,"13":1,"14":2,"15":1,"16":0,"17":0,"18":0,"19":0,"20":3,"21":3,"22":3,"23":3,"24":3,"25":3,"26":3,"27":3},"f":{"0":11,"1":2,"2":2,"3":0,"4":0,"5":0,"6":0},"b":{}}
,"/Users/horuscamachoavila/Documents/thoth-analytics-api/src/auth/auth.module.ts": {"path":"/Users/horuscamachoavila/Documents/thoth-analytics-api/src/auth/auth.module.ts","statementMap":{"0":{"start":{"line":1,"column":0},"end":{"line":1,"column":40}},"1":{"start":{"line":2,"column":0},"end":{"line":2,"column":40}},"2":{"start":{"line":3,"column":0},"end":{"line":3,"column":50}},"3":{"start":{"line":4,"column":0},"end":{"line":4,"column":61}},"4":{"start":{"line":5,"column":0},"end":{"line":5,"column":45}},"5":{"start":{"line":6,"column":0},"end":{"line":6,"column":61}},"6":{"start":{"line":7,"column":0},"end":{"line":7,"column":56}},"7":{"start":{"line":8,"column":0},"end":{"line":8,"column":50}},"8":{"start":{"line":9,"column":0},"end":{"line":9,"column":56}},"9":{"start":{"line":10,"column":0},"end":{"line":10,"column":51}},"10":{"start":{"line":38,"column":7},"end":{"line":38,"column":null}},"11":{"start":{"line":38,"column":13},"end":{"line":38,"column":23}},"12":{"start":{"line":38,"column":13},"end":{"line":38,"column":null}},"13":{"start":{"line":20,"column":23},"end":{"line":20,"column":62}},"14":{"start":{"line":21,"column":8},"end":{"line":23,"column":9}},"15":{"start":{"line":22,"column":10},"end":{"line":22,"column":52}},"16":{"start":{"line":24,"column":8},"end":{"line":29,"column":10}}},"fnMap":{"0":{"name":"(anonymous_1)","decl":{"start":{"line":19,"column":18},"end":{"line":19,"column":19}},"loc":{"start":{"line":19,"column":51},"end":{"line":30,"column":7}}}},"branchMap":{"0":{"loc":{"start":{"line":21,"column":8},"end":{"line":23,"column":9}},"type":"if","locations":[{"start":{"line":21,"column":8},"end":{"line":23,"column":9}}]},"1":{"loc":{"start":{"line":21,"column":12},"end":{"line":21,"column":62}},"type":"binary-expr","locations":[{"start":{"line":21,"column":12},"end":{"line":21,"column":38}},{"start":{"line":21,"column":42},"end":{"line":21,"column":62}}]}},"s":{"0":2,"1":2,"2":2,"3":2,"4":2,"5":2,"6":2,"7":2,"8":2,"9":2,"10":2,"11":2,"12":2,"13":6,"14":6,"15":0,"16":6},"f":{"0":6},"b":{"0":[0],"1":[6,6]}}
,"/Users/horuscamachoavila/Documents/thoth-analytics-api/src/auth/auth.service.ts": {"path":"/Users/horuscamachoavila/Documents/thoth-analytics-api/src/auth/auth.service.ts","statementMap":{"0":{"start":{"line":1,"column":0},"end":{"line":1,"column":67}},"1":{"start":{"line":2,"column":0},"end":{"line":2,"column":41}},"2":{"start":{"line":3,"column":0},"end":{"line":3,"column":47}},"3":{"start":{"line":4,"column":0},"end":{"line":4,"column":35}},"4":{"start":{"line":5,"column":0},"end":{"line":5,"column":59}},"5":{"start":{"line":23,"column":7},"end":{"line":210,"column":null}},"6":{"start":{"line":25,"column":21},"end":{"line":25,"column":33}},"7":{"start":{"line":26,"column":21},"end":{"line":26,"column":36}},"8":{"start":{"line":27,"column":21},"end":{"line":27,"column":36}},"9":{"start":{"line":31,"column":23},"end":{"line":31,"column":79}},"10":{"start":{"line":32,"column":4},"end":{"line":32,"column":45}},"11":{"start":{"line":36,"column":4},"end":{"line":36,"column":57}},"12":{"start":{"line":40,"column":33},"end":{"line":40,"column":88}},"13":{"start":{"line":41,"column":34},"end":{"line":41,"column":96}},"14":{"start":{"line":42,"column":26},"end":{"line":42,"column":78}},"15":{"start":{"line":44,"column":4},"end":{"line":46,"column":5}},"16":{"start":{"line":45,"column":6},"end":{"line":45,"column":56}},"17":{"start":{"line":48,"column":24},"end":{"line":50,"column":6}},"18":{"start":{"line":52,"column":25},"end":{"line":55,"column":6}},"19":{"start":{"line":57,"column":4},"end":{"line":61,"column":6}},"20":{"start":{"line":79,"column":29},"end":{"line":82,"column":6}},"21":{"start":{"line":85,"column":32},"end":{"line":87,"column":6}},"22":{"start":{"line":90,"column":4},"end":{"line":92,"column":5}},"23":{"start":{"line":91,"column":6},"end":{"line":91,"column":38}},"24":{"start":{"line":94,"column":17},"end":{"line":107,"column":6}},"25":{"start":{"line":109,"column":4},"end":{"line":111,"column":5}},"26":{"start":{"line":110,"column":6},"end":{"line":110,"column":61}},"27":{"start":{"line":113,"column":4},"end":{"line":115,"column":5}},"28":{"start":{"line":114,"column":6},"end":{"line":114,"column":61}},"29":{"start":{"line":117,"column":28},"end":{"line":117,"column":80}},"30":{"start":{"line":118,"column":4},"end":{"line":120,"column":5}},"31":{"start":{"line":119,"column":6},"end":{"line":119,"column":61}},"32":{"start":{"line":122,"column":50},"end":{"line":122,"column":54}},"33":{"start":{"line":123,"column":4},"end":{"line":123,"column":22}},"34":{"start":{"line":126,"column":4},"end":{"line":129,"column":6}},"35":{"start":{"line":133,"column":17},"end":{"line":133,"column":67}},"36":{"start":{"line":135,"column":33},"end":{"line":140,"column":6}},"37":{"start":{"line":142,"column":4},"end":{"line":142,"column":43}},"38":{"start":{"line":146,"column":4},"end":{"line":150,"column":5}},"39":{"start":{"line":147,"column":6},"end":{"line":147,"column":56}},"40":{"start":{"line":149,"column":6},"end":{"line":149,"column":66}},"41":{"start":{"line":154,"column":26},"end":{"line":154,"column":78}},"42":{"start":{"line":155,"column":4},"end":{"line":157,"column":5}},"43":{"start":{"line":156,"column":6},"end":{"line":156,"column":78}},"44":{"start":{"line":159,"column":4},"end":{"line":165,"column":5}},"45":{"start":{"line":160,"column":6},"end":{"line":162,"column":9}},"46":{"start":{"line":164,"column":6},"end":{"line":164,"column":74}},"47":{"start":{"line":169,"column":20},"end":{"line":169,"column":59}},"48":{"start":{"line":171,"column":17},"end":{"line":173,"column":6}},"49":{"start":{"line":175,"column":4},"end":{"line":177,"column":5}},"50":{"start":{"line":176,"column":6},"end":{"line":176,"column":68}},"51":{"start":{"line":179,"column":36},"end":{"line":184,"column":6}},"52":{"start":{"line":186,"column":4},"end":{"line":186,"column":46}},"53":{"start":{"line":190,"column":22},"end":{"line":190,"column":55}},"54":{"start":{"line":191,"column":21},"end":{"line":191,"column":41}},"55":{"start":{"line":193,"column":4},"end":{"line":195,"column":5}},"56":{"start":{"line":194,"column":6},"end":{"line":194,"column":18}},"57":{"start":{"line":197,"column":4},"end":{"line":208,"column":5}},"58":{"start":{"line":199,"column":8},"end":{"line":199,"column":25}},"59":{"start":{"line":201,"column":8},"end":{"line":201,"column":30}},"60":{"start":{"line":203,"column":8},"end":{"line":203,"column":35}},"61":{"start":{"line":205,"column":8},"end":{"line":205,"column":40}},"62":{"start":{"line":207,"column":8},"end":{"line":207,"column":20}},"63":{"start":{"line":23,"column":13},"end":{"line":23,"column":24}},"64":{"start":{"line":23,"column":13},"end":{"line":210,"column":null}}},"fnMap":{"0":{"name":"(anonymous_2)","decl":{"start":{"line":24,"column":2},"end":{"line":24,"column":null}},"loc":{"start":{"line":27,"column":49},"end":{"line":28,"column":6}}},"1":{"name":"(anonymous_3)","decl":{"start":{"line":30,"column":2},"end":{"line":30,"column":7}},"loc":{"start":{"line":30,"column":37},"end":{"line":33,"column":3}}},"2":{"name":"(anonymous_4)","decl":{"start":{"line":35,"column":2},"end":{"line":35,"column":7}},"loc":{"start":{"line":35,"column":70},"end":{"line":37,"column":3}}},"3":{"name":"(anonymous_5)","decl":{"start":{"line":39,"column":2},"end":{"line":39,"column":19}},"loc":{"start":{"line":39,"column":40},"end":{"line":62,"column":3}}},"4":{"name":"(anonymous_6)","decl":{"start":{"line":64,"column":2},"end":{"line":64,"column":7}},"loc":{"start":{"line":67,"column":20},"end":{"line":130,"column":3}}},"5":{"name":"(anonymous_7)","decl":{"start":{"line":132,"column":2},"end":{"line":132,"column":7}},"loc":{"start":{"line":132,"column":63},"end":{"line":143,"column":3}}},"6":{"name":"(anonymous_8)","decl":{"start":{"line":145,"column":2},"end":{"line":145,"column":15}},"loc":{"start":{"line":145,"column":29},"end":{"line":151,"column":3}}},"7":{"name":"(anonymous_9)","decl":{"start":{"line":153,"column":2},"end":{"line":153,"column":22}},"loc":{"start":{"line":153,"column":43},"end":{"line":166,"column":3}}},"8":{"name":"(anonymous_10)","decl":{"start":{"line":168,"column":2},"end":{"line":168,"column":7}},"loc":{"start":{"line":168,"column":42},"end":{"line":187,"column":3}}},"9":{"name":"(anonymous_11)","decl":{"start":{"line":189,"column":10},"end":{"line":189,"column":29}},"loc":{"start":{"line":189,"column":48},"end":{"line":209,"column":3}}}},"branchMap":{"0":{"loc":{"start":{"line":44,"column":4},"end":{"line":46,"column":5}},"type":"if","locations":[{"start":{"line":44,"column":4},"end":{"line":46,"column":5}}]},"1":{"loc":{"start":{"line":44,"column":8},"end":{"line":44,"column":72}},"type":"binary-expr","locations":[{"start":{"line":44,"column":8},"end":{"line":44,"column":41}},{"start":{"line":44,"column":45},"end":{"line":44,"column":72}}]},"2":{"loc":{"start":{"line":90,"column":4},"end":{"line":92,"column":5}},"type":"if","locations":[{"start":{"line":90,"column":4},"end":{"line":92,"column":5}}]},"3":{"loc":{"start":{"line":109,"column":4},"end":{"line":111,"column":5}},"type":"if","locations":[{"start":{"line":109,"column":4},"end":{"line":111,"column":5}}]},"4":{"loc":{"start":{"line":113,"column":4},"end":{"line":115,"column":5}},"type":"if","locations":[{"start":{"line":113,"column":4},"end":{"line":115,"column":5}}]},"5":{"loc":{"start":{"line":113,"column":8},"end":{"line":113,"column":85}},"type":"binary-expr","locations":[{"start":{"line":113,"column":8},"end":{"line":113,"column":30}},{"start":{"line":113,"column":34},"end":{"line":113,"column":61}},{"start":{"line":113,"column":65},"end":{"line":113,"column":85}}]},"6":{"loc":{"start":{"line":118,"column":4},"end":{"line":120,"column":5}},"type":"if","locations":[{"start":{"line":118,"column":4},"end":{"line":120,"column":5}}]},"7":{"loc":{"start":{"line":128,"column":16},"end":{"line":128,"column":43}},"type":"binary-expr","locations":[{"start":{"line":128,"column":16},"end":{"line":128,"column":31}},{"start":{"line":128,"column":35},"end":{"line":128,"column":43}}]},"8":{"loc":{"start":{"line":155,"column":4},"end":{"line":157,"column":5}},"type":"if","locations":[{"start":{"line":155,"column":4},"end":{"line":157,"column":5}}]},"9":{"loc":{"start":{"line":155,"column":8},"end":{"line":155,"column":72}},"type":"binary-expr","locations":[{"start":{"line":155,"column":8},"end":{"line":155,"column":41}},{"start":{"line":155,"column":45},"end":{"line":155,"column":72}}]},"10":{"loc":{"start":{"line":175,"column":4},"end":{"line":177,"column":5}},"type":"if","locations":[{"start":{"line":175,"column":4},"end":{"line":177,"column":5}}]},"11":{"loc":{"start":{"line":175,"column":8},"end":{"line":175,"column":41}},"type":"binary-expr","locations":[{"start":{"line":175,"column":8},"end":{"line":175,"column":13}},{"start":{"line":175,"column":17},"end":{"line":175,"column":41}}]},"12":{"loc":{"start":{"line":182,"column":16},"end":{"line":182,"column":41}},"type":"binary-expr","locations":[{"start":{"line":182,"column":16},"end":{"line":182,"column":29}},{"start":{"line":182,"column":33},"end":{"line":182,"column":41}}]},"13":{"loc":{"start":{"line":193,"column":4},"end":{"line":195,"column":5}},"type":"if","locations":[{"start":{"line":193,"column":4},"end":{"line":195,"column":5}}]},"14":{"loc":{"start":{"line":197,"column":4},"end":{"line":208,"column":5}},"type":"switch","locations":[{"start":{"line":198,"column":6},"end":{"line":199,"column":25}},{"start":{"line":200,"column":6},"end":{"line":201,"column":30}},{"start":{"line":202,"column":6},"end":{"line":203,"column":35}},{"start":{"line":204,"column":6},"end":{"line":205,"column":40}},{"start":{"line":206,"column":6},"end":{"line":207,"column":20}}]}},"s":{"0":4,"1":4,"2":4,"3":4,"4":4,"5":4,"6":28,"7":28,"8":28,"9":1,"10":1,"11":5,"12":4,"13":4,"14":4,"15":4,"16":1,"17":3,"18":3,"19":3,"20":5,"21":5,"22":5,"23":1,"24":5,"25":5,"26":1,"27":4,"28":1,"29":3,"30":3,"31":1,"32":2,"33":2,"34":2,"35":1,"36":1,"37":1,"38":2,"39":2,"40":1,"41":5,"42":5,"43":1,"44":4,"45":4,"46":0,"47":3,"48":3,"49":3,"50":2,"51":1,"52":1,"53":8,"54":8,"55":8,"56":1,"57":7,"58":1,"59":4,"60":1,"61":1,"62":0,"63":4,"64":4},"f":{"0":28,"1":1,"2":5,"3":4,"4":5,"5":1,"6":2,"7":5,"8":3,"9":8},"b":{"0":[1],"1":[4,3],"2":[1],"3":[1],"4":[1],"5":[4,4,4],"6":[1],"7":[2,0],"8":[1],"9":[5,4],"10":[2],"11":[3,2],"12":[1,0],"13":[1],"14":[1,4,1,1,0]}}
,"/Users/horuscamachoavila/Documents/thoth-analytics-api/src/auth/decorators/current-user.decorator.ts": {"path":"/Users/horuscamachoavila/Documents/thoth-analytics-api/src/auth/decorators/current-user.decorator.ts","statementMap":{"0":{"start":{"line":1,"column":0},"end":{"line":1,"column":72}},"1":{"start":{"line":16,"column":13},"end":{"line":31,"column":2}},"2":{"start":{"line":18,"column":20},"end":{"line":18,"column":69}},"3":{"start":{"line":19,"column":17},"end":{"line":19,"column":29}},"4":{"start":{"line":21,"column":4},"end":{"line":23,"column":5}},"5":{"start":{"line":22,"column":6},"end":{"line":22,"column":18}},"6":{"start":{"line":25,"column":4},"end":{"line":27,"column":5}},"7":{"start":{"line":26,"column":6},"end":{"line":26,"column":24}},"8":{"start":{"line":29,"column":4},"end":{"line":29,"column":16}}},"fnMap":{"0":{"name":"(anonymous_0)","decl":{"start":{"line":17,"column":2},"end":{"line":17,"column":3}},"loc":{"start":{"line":17,"column":81},"end":{"line":30,"column":3}}}},"branchMap":{"0":{"loc":{"start":{"line":21,"column":4},"end":{"line":23,"column":5}},"type":"if","locations":[{"start":{"line":21,"column":4},"end":{"line":23,"column":5}}]},"1":{"loc":{"start":{"line":25,"column":4},"end":{"line":27,"column":5}},"type":"if","locations":[{"start":{"line":25,"column":4},"end":{"line":27,"column":5}}]}},"s":{"0":7,"1":7,"2":0,"3":0,"4":0,"5":0,"6":0,"7":0,"8":0},"f":{"0":0},"b":{"0":[0],"1":[0]}}
,"/Users/horuscamachoavila/Documents/thoth-analytics-api/src/auth/decorators/public.decorator.ts": {"path":"/Users/horuscamachoavila/Documents/thoth-analytics-api/src/auth/decorators/public.decorator.ts","statementMap":{"0":{"start":{"line":1,"column":0},"end":{"line":1,"column":45}},"1":{"start":{"line":3,"column":13},"end":{"line":3,"column":40}},"2":{"start":{"line":4,"column":22},"end":{"line":4,"column":92}},"3":{"start":{"line":4,"column":60},"end":{"line":4,"column":92}},"4":{"start":{"line":4,"column":13},"end":{"line":4,"column":22}}},"fnMap":{"0":{"name":"(anonymous_0)","decl":{"start":{"line":4,"column":22},"end":{"line":4,"column":57}},"loc":{"start":{"line":4,"column":60},"end":{"line":4,"column":92}}}},"branchMap":{},"s":{"0":4,"1":4,"2":4,"3":16,"4":4},"f":{"0":16},"b":{}}
,"/Users/horuscamachoavila/Documents/thoth-analytics-api/src/auth/decorators/roles.decorator.ts": {"path":"/Users/horuscamachoavila/Documents/thoth-analytics-api/src/auth/decorators/roles.decorator.ts","statementMap":{"0":{"start":{"line":1,"column":0},"end":{"line":1,"column":45}},"1":{"start":{"line":3,"column":13},"end":{"line":3,"column":33}},"2":{"start":{"line":4,"column":21},"end":{"line":5,"column":31}},"3":{"start":{"line":5,"column":2},"end":{"line":5,"column":31}},"4":{"start":{"line":4,"column":13},"end":{"line":4,"column":21}}},"fnMap":{"0":{"name":"(anonymous_0)","decl":{"start":{"line":4,"column":21},"end":{"line":4,"column":22}},"loc":{"start":{"line":5,"column":2},"end":{"line":5,"column":31}}}},"branchMap":{},"s":{"0":8,"1":8,"2":8,"3":47,"4":8},"f":{"0":47},"b":{}}
,"/Users/horuscamachoavila/Documents/thoth-analytics-api/src/auth/dto/login.dto.ts": {"path":"/Users/horuscamachoavila/Documents/thoth-analytics-api/src/auth/dto/login.dto.ts","statementMap":{"0":{"start":{"line":1,"column":0},"end":{"line":1,"column":75}},"1":{"start":{"line":3,"column":0},"end":{"line":3,"column":13}},"2":{"start":{"line":6,"column":10},"end":{"line":6,"column":null}},"3":{"start":{"line":11,"column":10},"end":{"line":11,"column":null}},"4":{"start":{"line":15,"column":10},"end":{"line":15,"column":null}}},"fnMap":{},"branchMap":{},"s":{"0":3,"1":3,"2":3,"3":3,"4":3},"f":{},"b":{}}
,"/Users/horuscamachoavila/Documents/thoth-analytics-api/src/auth/dto/refresh-token.dto.ts": {"path":"/Users/horuscamachoavila/Documents/thoth-analytics-api/src/auth/dto/refresh-token.dto.ts","statementMap":{"0":{"start":{"line":1,"column":0},"end":{"line":1,"column":55}},"1":{"start":{"line":3,"column":0},"end":{"line":3,"column":13}},"2":{"start":{"line":6,"column":10},"end":{"line":6,"column":null}}},"fnMap":{},"branchMap":{},"s":{"0":3,"1":3,"2":3},"f":{},"b":{}}
,"/Users/horuscamachoavila/Documents/thoth-analytics-api/src/auth/guards/jwt/jwt.guard.ts": {"path":"/Users/horuscamachoavila/Documents/thoth-analytics-api/src/auth/guards/jwt/jwt.guard.ts","statementMap":{"0":{"start":{"line":1,"column":0},"end":{"line":1,"column":62}},"1":{"start":{"line":2,"column":0},"end":{"line":2,"column":45}},"2":{"start":{"line":3,"column":0},"end":{"line":3,"column":41}},"3":{"start":{"line":6,"column":7},"end":{"line":24,"column":null}},"4":{"start":{"line":8,"column":4},"end":{"line":8,"column":12}},"5":{"start":{"line":7,"column":22},"end":{"line":7,"column":33}},"6":{"start":{"line":12,"column":21},"end":{"line":15,"column":6}},"7":{"start":{"line":17,"column":4},"end":{"line":19,"column":5}},"8":{"start":{"line":18,"column":6},"end":{"line":18,"column":18}},"9":{"start":{"line":21,"column":19},"end":{"line":21,"column":45}},"10":{"start":{"line":22,"column":4},"end":{"line":22,"column":48}},"11":{"start":{"line":6,"column":13},"end":{"line":6,"column":21}},"12":{"start":{"line":6,"column":13},"end":{"line":24,"column":null}}},"fnMap":{"0":{"name":"(anonymous_2)","decl":{"start":{"line":7,"column":2},"end":{"line":7,"column":22}},"loc":{"start":{"line":7,"column":42},"end":{"line":9,"column":3}}},"1":{"name":"(anonymous_3)","decl":{"start":{"line":11,"column":2},"end":{"line":11,"column":13}},"loc":{"start":{"line":11,"column":39},"end":{"line":23,"column":3}}}},"branchMap":{"0":{"loc":{"start":{"line":17,"column":4},"end":{"line":19,"column":5}},"type":"if","locations":[{"start":{"line":17,"column":4},"end":{"line":19,"column":5}}]}},"s":{"0":7,"1":7,"2":7,"3":7,"4":74,"5":74,"6":0,"7":0,"8":0,"9":0,"10":0,"11":7,"12":7},"f":{"0":74,"1":0},"b":{"0":[0]}}
,"/Users/horuscamachoavila/Documents/thoth-analytics-api/src/auth/guards/roles/roles.guard.ts": {"path":"/Users/horuscamachoavila/Documents/thoth-analytics-api/src/auth/guards/roles/roles.guard.ts","statementMap":{"0":{"start":{"line":1,"column":0},"end":{"line":1,"column":95}},"1":{"start":{"line":2,"column":0},"end":{"line":2,"column":41}},"2":{"start":{"line":3,"column":0},"end":{"line":3,"column":61}},"3":{"start":{"line":6,"column":23},"end":{"line":12,"column":11}},"4":{"start":{"line":28,"column":7},"end":{"line":69,"column":null}},"5":{"start":{"line":29,"column":22},"end":{"line":29,"column":33}},"6":{"start":{"line":32,"column":26},"end":{"line":35,"column":6}},"7":{"start":{"line":37,"column":4},"end":{"line":39,"column":5}},"8":{"start":{"line":38,"column":6},"end":{"line":38,"column":18}},"9":{"start":{"line":41,"column":20},"end":{"line":41,"column":73}},"10":{"start":{"line":42,"column":17},"end":{"line":42,"column":29}},"11":{"start":{"line":44,"column":4},"end":{"line":46,"column":5}},"12":{"start":{"line":45,"column":6},"end":{"line":45,"column":61}},"13":{"start":{"line":48,"column":21},"end":{"line":48,"column":30}},"14":{"start":{"line":49,"column":26},"end":{"line":49,"column":50}},"15":{"start":{"line":51,"column":4},"end":{"line":53,"column":5}},"16":{"start":{"line":52,"column":6},"end":{"line":52,"column":56}},"17":{"start":{"line":56,"column":26},"end":{"line":59,"column":6}},"18":{"start":{"line":57,"column":32},"end":{"line":57,"column":64}},"19":{"start":{"line":58,"column":6},"end":{"line":58,"column":48}},"20":{"start":{"line":61,"column":4},"end":{"line":65,"column":5}},"21":{"start":{"line":62,"column":6},"end":{"line":64,"column":8}},"22":{"start":{"line":67,"column":4},"end":{"line":67,"column":16}},"23":{"start":{"line":28,"column":13},"end":{"line":28,"column":23}},"24":{"start":{"line":28,"column":13},"end":{"line":69,"column":null}}},"fnMap":{"0":{"name":"(anonymous_2)","decl":{"start":{"line":29,"column":2},"end":{"line":29,"column":22}},"loc":{"start":{"line":29,"column":42},"end":{"line":29,"column":46}}},"1":{"name":"(anonymous_3)","decl":{"start":{"line":31,"column":2},"end":{"line":31,"column":13}},"loc":{"start":{"line":31,"column":39},"end":{"line":68,"column":3}}},"2":{"name":"(anonymous_4)","decl":{"start":{"line":56,"column":45},"end":{"line":56,"column":46}},"loc":{"start":{"line":56,"column":54},"end":{"line":59,"column":5}}}},"branchMap":{"0":{"loc":{"start":{"line":37,"column":4},"end":{"line":39,"column":5}},"type":"if","locations":[{"start":{"line":37,"column":4},"end":{"line":39,"column":5}}]},"1":{"loc":{"start":{"line":37,"column":8},"end":{"line":37,"column":91}},"type":"binary-expr","locations":[{"start":{"line":37,"column":8},"end":{"line":37,"column":30}},{"start":{"line":37,"column":34},"end":{"line":37,"column":61}},{"start":{"line":37,"column":65},"end":{"line":37,"column":91}}]},"2":{"loc":{"start":{"line":44,"column":4},"end":{"line":46,"column":5}},"type":"if","locations":[{"start":{"line":44,"column":4},"end":{"line":46,"column":5}}]},"3":{"loc":{"start":{"line":44,"column":8},"end":{"line":44,"column":43}},"type":"binary-expr","locations":[{"start":{"line":44,"column":8},"end":{"line":44,"column":21}},{"start":{"line":44,"column":25},"end":{"line":44,"column":43}}]},"4":{"loc":{"start":{"line":51,"column":4},"end":{"line":53,"column":5}},"type":"if","locations":[{"start":{"line":51,"column":4},"end":{"line":53,"column":5}}]},"5":{"loc":{"start":{"line":61,"column":4},"end":{"line":65,"column":5}},"type":"if","locations":[{"start":{"line":61,"column":4},"end":{"line":65,"column":5}}]}},"s":{"0":8,"1":8,"2":8,"3":8,"4":8,"5":95,"6":30,"7":30,"8":2,"9":28,"10":28,"11":28,"12":6,"13":22,"14":22,"15":22,"16":6,"17":16,"18":21,"19":21,"20":16,"21":6,"22":10,"23":8,"24":8},"f":{"0":95,"1":30,"2":21},"b":{"0":[2],"1":[30,29,29],"2":[6],"3":[28,22],"4":[6],"5":[6]}}
,"/Users/horuscamachoavila/Documents/thoth-analytics-api/src/auth/middleware/tenant/tenant.middleware.ts": {"path":"/Users/horuscamachoavila/Documents/thoth-analytics-api/src/auth/middleware/tenant/tenant.middleware.ts","statementMap":{"0":{"start":{"line":1,"column":0},"end":{"line":1,"column":81}},"1":{"start":{"line":9,"column":7},"end":{"line":23,"column":null}},"2":{"start":{"line":11,"column":27},"end":{"line":11,"column":53}},"3":{"start":{"line":12,"column":21},"end":{"line":12,"column":87}},"4":{"start":{"line":14,"column":4},"end":{"line":16,"column":5}},"5":{"start":{"line":15,"column":6},"end":{"line":15,"column":70}},"6":{"start":{"line":19,"column":4},"end":{"line":19,"column":28}},"7":{"start":{"line":21,"column":4},"end":{"line":21,"column":11}},"8":{"start":{"line":9,"column":13},"end":{"line":9,"column":29}},"9":{"start":{"line":9,"column":13},"end":{"line":23,"column":null}}},"fnMap":{"0":{"name":"(anonymous_1)","decl":{"start":{"line":10,"column":2},"end":{"line":10,"column":5}},"loc":{"start":{"line":10,"column":65},"end":{"line":22,"column":3}}}},"branchMap":{"0":{"loc":{"start":{"line":12,"column":21},"end":{"line":12,"column":87}},"type":"cond-expr","locations":[{"start":{"line":12,"column":53},"end":{"line":12,"column":70}},{"start":{"line":12,"column":73},"end":{"line":12,"column":87}}]},"1":{"loc":{"start":{"line":14,"column":4},"end":{"line":16,"column":5}},"type":"if","locations":[{"start":{"line":14,"column":4},"end":{"line":16,"column":5}}]},"2":{"loc":{"start":{"line":14,"column":8},"end":{"line":14,"column":62}},"type":"binary-expr","locations":[{"start":{"line":14,"column":8},"end":{"line":14,"column":36}},{"start":{"line":14,"column":40},"end":{"line":14,"column":62}}]}},"s":{"0":1,"1":1,"2":18,"3":18,"4":18,"5":6,"6":12,"7":12,"8":1,"9":1},"f":{"0":18},"b":{"0":[1,17],"1":[6],"2":[18,14]}}
,"/Users/horuscamachoavila/Documents/thoth-analytics-api/src/auth/strategies/jwt.strategy.ts": {"path":"/Users/horuscamachoavila/Documents/thoth-analytics-api/src/auth/strategies/jwt.strategy.ts","statementMap":{"0":{"start":{"line":1,"column":0},"end":{"line":1,"column":67}},"1":{"start":{"line":2,"column":0},"end":{"line":2,"column":52}},"2":{"start":{"line":3,"column":0},"end":{"line":3,"column":52}},"3":{"start":{"line":4,"column":0},"end":{"line":4,"column":47}},"4":{"start":{"line":5,"column":0},"end":{"line":5,"column":62}},"5":{"start":{"line":9,"column":7},"end":{"line":76,"column":null}},"6":{"start":{"line":14,"column":19},"end":{"line":14,"column":58}},"7":{"start":{"line":15,"column":4},"end":{"line":17,"column":5}},"8":{"start":{"line":16,"column":6},"end":{"line":16,"column":48}},"9":{"start":{"line":18,"column":4},"end":{"line":23,"column":7}},"10":{"start":{"line":12,"column":21},"end":{"line":12,"column":36}},"11":{"start":{"line":30,"column":17},"end":{"line":42,"column":6}},"12":{"start":{"line":44,"column":4},"end":{"line":46,"column":5}},"13":{"start":{"line":45,"column":6},"end":{"line":45,"column":56}},"14":{"start":{"line":48,"column":4},"end":{"line":50,"column":5}},"15":{"start":{"line":49,"column":6},"end":{"line":49,"column":68}},"16":{"start":{"line":52,"column":4},"end":{"line":54,"column":5}},"17":{"start":{"line":53,"column":6},"end":{"line":53,"column":57}},"18":{"start":{"line":57,"column":25},"end":{"line":57,"column":55}},"19":{"start":{"line":58,"column":28},"end":{"line":58,"column":88}},"20":{"start":{"line":60,"column":4},"end":{"line":66,"column":5}},"21":{"start":{"line":65,"column":6},"end":{"line":65,"column":64}},"22":{"start":{"line":68,"column":4},"end":{"line":74,"column":6}},"23":{"start":{"line":9,"column":13},"end":{"line":9,"column":24}},"24":{"start":{"line":9,"column":13},"end":{"line":76,"column":null}}},"fnMap":{"0":{"name":"(anonymous_2)","decl":{"start":{"line":10,"column":2},"end":{"line":10,"column":null}},"loc":{"start":{"line":12,"column":49},"end":{"line":24,"column":3}}},"1":{"name":"(anonymous_3)","decl":{"start":{"line":26,"column":2},"end":{"line":26,"column":7}},"loc":{"start":{"line":28,"column":24},"end":{"line":75,"column":3}}}},"branchMap":{"0":{"loc":{"start":{"line":15,"column":4},"end":{"line":17,"column":5}},"type":"if","locations":[{"start":{"line":15,"column":4},"end":{"line":17,"column":5}}]},"1":{"loc":{"start":{"line":15,"column":8},"end":{"line":15,"column":58}},"type":"binary-expr","locations":[{"start":{"line":15,"column":8},"end":{"line":15,"column":34}},{"start":{"line":15,"column":38},"end":{"line":15,"column":58}}]},"2":{"loc":{"start":{"line":44,"column":4},"end":{"line":46,"column":5}},"type":"if","locations":[{"start":{"line":44,"column":4},"end":{"line":46,"column":5}}]},"3":{"loc":{"start":{"line":48,"column":4},"end":{"line":50,"column":5}},"type":"if","locations":[{"start":{"line":48,"column":4},"end":{"line":50,"column":5}}]},"4":{"loc":{"start":{"line":52,"column":4},"end":{"line":54,"column":5}},"type":"if","locations":[{"start":{"line":52,"column":4},"end":{"line":54,"column":5}}]},"5":{"loc":{"start":{"line":58,"column":28},"end":{"line":58,"column":88}},"type":"cond-expr","locations":[{"start":{"line":58,"column":58},"end":{"line":58,"column":73}},{"start":{"line":58,"column":76},"end":{"line":58,"column":88}}]},"6":{"loc":{"start":{"line":60,"column":4},"end":{"line":66,"column":5}},"type":"if","locations":[{"start":{"line":60,"column":4},"end":{"line":66,"column":5}}]},"7":{"loc":{"start":{"line":61,"column":6},"end":{"line":63,"column":39}},"type":"binary-expr","locations":[{"start":{"line":61,"column":6},"end":{"line":61,"column":41}},{"start":{"line":62,"column":6},"end":{"line":62,"column":35}},{"start":{"line":63,"column":6},"end":{"line":63,"column":39}}]}},"s":{"0":3,"1":3,"2":3,"3":3,"4":3,"5":3,"6":19,"7":19,"8":2,"9":17,"10":17,"11":14,"12":13,"13":1,"14":12,"15":2,"16":10,"17":1,"18":9,"19":9,"20":9,"21":0,"22":9,"23":3,"24":3},"f":{"0":19,"1":14},"b":{"0":[2],"1":[19,18],"2":[1],"3":[2],"4":[1],"5":[0,9],"6":[0],"7":[9,9,9]}}
,"/Users/horuscamachoavila/Documents/thoth-analytics-api/src/common/common.module.ts": {"path":"/Users/horuscamachoavila/Documents/thoth-analytics-api/src/common/common.module.ts","statementMap":{"0":{"start":{"line":1,"column":0},"end":{"line":1,"column":40}},"1":{"start":{"line":4,"column":7},"end":{"line":4,"column":null}},"2":{"start":{"line":4,"column":13},"end":{"line":4,"column":25}},"3":{"start":{"line":4,"column":13},"end":{"line":4,"column":null}}},"fnMap":{},"branchMap":{},"s":{"0":1,"1":1,"2":1,"3":1},"f":{},"b":{}}
,"/Users/horuscamachoavila/Documents/thoth-analytics-api/src/config/config.module.ts": {"path":"/Users/horuscamachoavila/Documents/thoth-analytics-api/src/config/config.module.ts","statementMap":{"0":{"start":{"line":1,"column":0},"end":{"line":1,"column":48}},"1":{"start":{"line":2,"column":0},"end":{"line":2,"column":72}},"2":{"start":{"line":3,"column":0},"end":{"line":3,"column":81}},"3":{"start":{"line":4,"column":0},"end":{"line":4,"column":47}},"4":{"start":{"line":24,"column":7},"end":{"line":24,"column":null}},"5":{"start":{"line":24,"column":13},"end":{"line":24,"column":25}},"6":{"start":{"line":24,"column":13},"end":{"line":24,"column":null}},"7":{"start":{"line":12,"column":23},"end":{"line":12,"column":69}},"8":{"start":{"line":13,"column":8},"end":{"line":15,"column":9}},"9":{"start":{"line":14,"column":10},"end":{"line":14,"column":59}},"10":{"start":{"line":16,"column":8},"end":{"line":16,"column":22}}},"fnMap":{"0":{"name":"(anonymous_1)","decl":{"start":{"line":11,"column":18},"end":{"line":11,"column":19}},"loc":{"start":{"line":11,"column":71},"end":{"line":17,"column":7}}}},"branchMap":{"0":{"loc":{"start":{"line":13,"column":8},"end":{"line":15,"column":9}},"type":"if","locations":[{"start":{"line":13,"column":8},"end":{"line":15,"column":9}}]},"1":{"loc":{"start":{"line":13,"column":12},"end":{"line":13,"column":49}},"type":"binary-expr","locations":[{"start":{"line":13,"column":12},"end":{"line":13,"column":19}},{"start":{"line":13,"column":23},"end":{"line":13,"column":49}}]}},"s":{"0":1,"1":1,"2":1,"3":1,"4":1,"5":1,"6":1,"7":2,"8":2,"9":0,"10":2},"f":{"0":2},"b":{"0":[0],"1":[2,2]}}
,"/Users/horuscamachoavila/Documents/thoth-analytics-api/src/config/redis.config.ts": {"path":"/Users/horuscamachoavila/Documents/thoth-analytics-api/src/config/redis.config.ts","statementMap":{"0":{"start":{"line":1,"column":0},"end":{"line":1,"column":44}},"1":{"start":{"line":3,"column":0},"end":{"line":3,"column":55}},"2":{"start":{"line":5,"column":0},"end":{"line":20,"column":2}},"3":{"start":{"line":7,"column":29},"end":{"line":19,"column":4}}},"fnMap":{"0":{"name":"(anonymous_0)","decl":{"start":{"line":7,"column":2},"end":{"line":7,"column":25}},"loc":{"start":{"line":7,"column":29},"end":{"line":19,"column":4}}}},"branchMap":{"0":{"loc":{"start":{"line":9,"column":10},"end":{"line":9,"column":47}},"type":"binary-expr","locations":[{"start":{"line":9,"column":10},"end":{"line":9,"column":32}},{"start":{"line":9,"column":36},"end":{"line":9,"column":47}}]},"1":{"loc":{"start":{"line":10,"column":19},"end":{"line":10,"column":51}},"type":"binary-expr","locations":[{"start":{"line":10,"column":19},"end":{"line":10,"column":41}},{"start":{"line":10,"column":45},"end":{"line":10,"column":51}}]},"2":{"loc":{"start":{"line":11,"column":14},"end":{"line":11,"column":53}},"type":"binary-expr","locations":[{"start":{"line":11,"column":14},"end":{"line":11,"column":40}},{"start":{"line":11,"column":44},"end":{"line":11,"column":53}}]},"3":{"loc":{"start":{"line":12,"column":17},"end":{"line":12,"column":44}},"type":"binary-expr","locations":[{"start":{"line":12,"column":17},"end":{"line":12,"column":37}},{"start":{"line":12,"column":41},"end":{"line":12,"column":44}}]}},"s":{"0":1,"1":1,"2":1,"3":2},"f":{"0":2},"b":{"0":[2,0],"1":[2,0],"2":[2,0],"3":[2,0]}}
[...]
,"/Users/horuscamachoavila/Documents/thoth-analytics-api/src/tenants/dto/create-tenant.dto.ts": {"path":"/Users/horuscamachoavila/Documents/thoth-analytics-api/src/tenants/dto/create-tenant.dto.ts","statementMap":{"0":{"start":{"line":1,"column":0},"end":{"line":1,"column":97}},"1":{"start":{"line":3,"column":0},"end":{"line":3,"column":13}},"2":{"start":{"line":8,"column":2},"end":{"line":8,"column":null}},"3":{"start":{"line":14,"column":2},"end":{"line":14,"column":null}},"4":{"start":{"line":17,"column":2},"end":{"line":17,"column":null}}},"fnMap":{},"branchMap":{},"s":{"0":1,"1":1,"2":1,"3":1,"4":1},"f":{},"b":{}}
,"/Users/horuscamachoavila/Documents/thoth-analytics-api/src/tenants/dto/update-tenant.dto.ts": {"path":"/Users/horuscamachoavila/Documents/thoth-analytics-api/src/tenants/dto/update-tenant.dto.ts","statementMap":{"0":{"start":{"line":1,"column":0},"end":{"line":1,"column":85}},"1":{"start":{"line":3,"column":0},"end":{"line":3,"column":13}},"2":{"start":{"line":8,"column":2},"end":{"line":8,"column":null}},"3":{"start":{"line":14,"column":2},"end":{"line":14,"column":null}},"4":{"start":{"line":20,"column":2},"end":{"line":20,"column":null}},"5":{"start":{"line":23,"column":2},"end":{"line":23,"column":null}}},"fnMap":{},"branchMap":{},"s":{"0":1,"1":1,"2":1,"3":1,"4":1,"5":1},"f":{},"b":{}}
,"/Users/horuscamachoavila/Documents/thoth-analytics-api/src/tweets/tweets.module.ts": {"path":"/Users/horuscamachoavila/Documents/thoth-analytics-api/src/tweets/tweets.module.ts","statementMap":{"0":{"start":{"line":1,"column":0},"end":{"line":1,"column":40}},"1":{"start":{"line":4,"column":7},"end":{"line":4,"column":null}},"2":{"start":{"line":4,"column":13},"end":{"line":4,"column":25}},"3":{"start":{"line":4,"column":13},"end":{"line":4,"column":null}}},"fnMap":{},"branchMap":{},"s":{"0":1,"1":1,"2":1,"3":1},"f":{},"b":{}}
,"/Users/horuscamachoavila/Documents/thoth-analytics-api/src/users/users.controller.ts": {"path":"/Users/horuscamachoavila/Documents/thoth-analytics-api/src/users/users.controller.ts","statementMap":{"0":{"start":{"line":1,"column":0},"end":{"line":1,"column":null}},"1":{"start":{"line":14,"column":0},"end":{"line":14,"column":47}},"2":{"start":{"line":15,"column":0},"end":{"line":15,"column":54}},"3":{"start":{"line":16,"column":0},"end":{"line":16,"column":67}},"4":{"start":{"line":17,"column":0},"end":{"line":17,"column":56}},"5":{"start":{"line":18,"column":0},"end":{"line":18,"column":62}},"6":{"start":{"line":19,"column":0},"end":{"line":19,"column":59}},"7":{"start":{"line":20,"column":0},"end":{"line":20,"column":73}},"8":{"start":{"line":32,"column":7},"end":{"line":245,"column":null}},"9":{"start":{"line":33,"column":31},"end":{"line":33,"column":45}},"10":{"start":{"line":53,"column":17},"end":{"line":53,"column":88}},"11":{"start":{"line":55,"column":4},"end":{"line":66,"column":6}},"12":{"start":{"line":88,"column":56},"end":{"line":88,"column":58}},"13":{"start":{"line":89,"column":4},"end":{"line":89,"column":40}},"14":{"start":{"line":89,"column":16},"end":{"line":89,"column":40}},"15":{"start":{"line":90,"column":4},"end":{"line":90,"column":34}},"16":{"start":{"line":90,"column":14},"end":{"line":90,"column":34}},"17":{"start":{"line":92,"column":18},"end":{"line":92,"column":81}},"18":{"start":{"line":94,"column":4},"end":{"line":106,"column":6}},"19":{"start":{"line":96,"column":33},"end":{"line":104,"column":8}},"20":{"start":{"line":127,"column":17},"end":{"line":127,"column":78}},"21":{"start":{"line":129,"column":4},"end":{"line":141,"column":6}},"22":{"start":{"line":161,"column":19},"end":{"line":165,"column":null}},"23":{"start":{"line":168,"column":4},"end":{"line":177,"column":6}},"24":{"start":{"line":195,"column":19},"end":{"line":195,"column":99}},"25":{"start":{"line":197,"column":4},"end":{"line":205,"column":6}},"26":{"start":{"line":224,"column":4},"end":{"line":226,"column":5}},"27":{"start":{"line":225,"column":6},"end":{"line":225,"column":78}},"28":{"start":{"line":228,"column":19},"end":{"line":232,"column":null}},"29":{"start":{"line":235,"column":4},"end":{"line":243,"column":6}},"30":{"start":{"line":32,"column":13},"end":{"line":32,"column":28}},"31":{"start":{"line":38,"column":8},"end":{"line":67,"column":null}},"32":{"start":{"line":71,"column":8},"end":{"line":107,"column":null}},"33":{"start":{"line":111,"column":8},"end":{"line":142,"column":null}},"34":{"start":{"line":147,"column":8},"end":{"line":178,"column":null}},"35":{"start":{"line":183,"column":8},"end":{"line":206,"column":null}},"36":{"start":{"line":211,"column":8},"end":{"line":244,"column":null}},"37":{"start":{"line":32,"column":13},"end":{"line":245,"column":null}}},"fnMap":{"0":{"name":"(anonymous_4)","decl":{"start":{"line":33,"column":2},"end":{"line":33,"column":31}},"loc":{"start":{"line":33,"column":57},"end":{"line":33,"column":61}}},"1":{"name":"(anonymous_5)","decl":{"start":{"line":38,"column":2},"end":{"line":38,"column":7}},"loc":{"start":{"line":40,"column":45},"end":{"line":67,"column":3}}},"2":{"name":"(anonymous_6)","decl":{"start":{"line":71,"column":2},"end":{"line":71,"column":7}},"loc":{"start":{"line":74,"column":32},"end":{"line":107,"column":3}}},"3":{"name":"(anonymous_7)","decl":{"start":{"line":96,"column":22},"end":{"line":96,"column":23}},"loc":{"start":{"line":96,"column":33},"end":{"line":104,"column":8}}},"4":{"name":"(anonymous_8)","decl":{"start":{"line":111,"column":2},"end":{"line":111,"column":7}},"loc":{"start":{"line":113,"column":45},"end":{"line":142,"column":3}}},"5":{"name":"(anonymous_9)","decl":{"start":{"line":147,"column":2},"end":{"line":147,"column":7}},"loc":{"start":{"line":150,"column":45},"end":{"line":178,"column":3}}},"6":{"name":"(anonymous_10)","decl":{"start":{"line":183,"column":2},"end":{"line":183,"column":7}},"loc":{"start":{"line":185,"column":45},"end":{"line":206,"column":3}}},"7":{"name":"(anonymous_11)","decl":{"start":{"line":211,"column":2},"end":{"line":211,"column":7}},"loc":{"start":{"line":214,"column":45},"end":{"line":244,"column":3}}}},"branchMap":{"0":{"loc":{"start":{"line":62,"column":18},"end":{"line":62,"column":37}},"type":"binary-expr","locations":[{"start":{"line":62,"column":18},"end":{"line":62,"column":31}},{"start":{"line":62,"column":35},"end":{"line":62,"column":37}}]},"1":{"loc":{"start":{"line":89,"column":4},"end":{"line":89,"column":40}},"type":"if","locations":[{"start":{"line":89,"column":4},"end":{"line":89,"column":40}}]},"2":{"loc":{"start":{"line":90,"column":4},"end":{"line":90,"column":34}},"type":"if","locations":[{"start":{"line":90,"column":4},"end":{"line":90,"column":34}}]},"3":{"loc":{"start":{"line":103,"column":12},"end":{"line":103,"column":79}},"type":"binary-expr","locations":[{"start":{"line":103,"column":12},"end":{"line":103,"column":28}},{"start":{"line":103,"column":32},"end":{"line":103,"column":79}}]},"4":{"loc":{"start":{"line":138,"column":18},"end":{"line":138,"column":37}},"type":"binary-expr","locations":[{"start":{"line":138,"column":18},"end":{"line":138,"column":31}},{"start":{"line":138,"column":35},"end":{"line":138,"column":37}}]},"5":{"loc":{"start":{"line":139,"column":12},"end":{"line":139,"column":79}},"type":"binary-expr","locations":[{"start":{"line":139,"column":12},"end":{"line":139,"column":28}},{"start":{"line":139,"column":32},"end":{"line":139,"column":79}}]},"6":{"loc":{"start":{"line":175,"column":12},"end":{"line":175,"column":74}},"type":"binary-expr","locations":[{"start":{"line":175,"column":12},"end":{"line":175,"column":35}},{"start":{"line":175,"column":39},"end":{"line":175,"column":74}}]},"7":{"loc":{"start":{"line":224,"column":4},"end":{"line":226,"column":5}},"type":"if","locations":[{"start":{"line":224,"column":4},"end":{"line":226,"column":5}}]}},"s":{"0":2,"1":2,"2":2,"3":2,"4":2,"5":2,"6":2,"7":2,"8":2,"9":10,"10":1,"11":1,"12":2,"13":2,"14":1,"15":2,"16":1,"17":2,"18":2,"19":2,"20":1,"21":1,"22":1,"23":1,"24":1,"25":1,"26":2,"27":1,"28":1,"29":1,"30":2,"31":2,"32":2,"33":2,"34":2,"35":2,"36":2,"37":2},"f":{"0":10,"1":1,"2":2,"3":2,"4":1,"5":1,"6":1,"7":2},"b":{"0":[1,0],"1":[1],"2":[1],"3":[2,0],"4":[1,0],"5":[1,0],"6":[1,1],"7":[1]}}
,"/Users/horuscamachoavila/Documents/thoth-analytics-api/src/users/users.module.ts": {"path":"/Users/horuscamachoavila/Documents/thoth-analytics-api/src/users/users.module.ts","statementMap":{"0":{"start":{"line":1,"column":0},"end":{"line":1,"column":40}},"1":{"start":{"line":2,"column":0},"end":{"line":2,"column":53}},"2":{"start":{"line":3,"column":0},"end":{"line":3,"column":47}},"3":{"start":{"line":4,"column":0},"end":{"line":4,"column":61}},"4":{"start":{"line":5,"column":0},"end":{"line":5,"column":52}},"5":{"start":{"line":13,"column":7},"end":{"line":13,"column":null}},"6":{"start":{"line":13,"column":13},"end":{"line":13,"column":24}},"7":{"start":{"line":13,"column":13},"end":{"line":13,"column":null}}},"fnMap":{},"branchMap":{},"s":{"0":1,"1":1,"2":1,"3":1,"4":1,"5":1,"6":1,"7":1},"f":{},"b":{}}
,"/Users/horuscamachoavila/Documents/thoth-analytics-api/src/users/users.service.ts": {"path":"/Users/horuscamachoavila/Documents/thoth-analytics-api/src/users/users.service.ts","statementMap":{"0":{"start":{"line":1,"column":0},"end":{"line":1,"column":null}},"1":{"start":{"line":7,"column":0},"end":{"line":7,"column":59}},"2":{"start":{"line":8,"column":0},"end":{"line":8,"column":54}},"3":{"start":{"line":9,"column":0},"end":{"line":9,"column":62}},"4":{"start":{"line":11,"column":0},"end":{"line":11,"column":35}},"5":{"start":{"line":12,"column":0},"end":{"line":12,"column":33}},"6":{"start":{"line":35,"column":7},"end":{"line":343,"column":null}},"7":{"start":{"line":37,"column":21},"end":{"line":37,"column":29}},"8":{"start":{"line":38,"column":21},"end":{"line":38,"column":35}},"9":{"start":{"line":46,"column":25},"end":{"line":51,"column":6}},"10":{"start":{"line":53,"column":4},"end":{"line":55,"column":5}},"11":{"start":{"line":54,"column":6},"end":{"line":54,"column":73}},"12":{"start":{"line":58,"column":30},"end":{"line":58,"column":62}},"13":{"start":{"line":59,"column":27},"end":{"line":59,"column":67}},"14":{"start":{"line":62,"column":17},"end":{"line":75,"column":6}},"15":{"start":{"line":78,"column":4},"end":{"line":96,"column":6}},"16":{"start":{"line":98,"column":4},"end":{"line":101,"column":6}},"17":{"start":{"line":105,"column":23},"end":{"line":105,"column":35}},"18":{"start":{"line":107,"column":4},"end":{"line":109,"column":5}},"19":{"start":{"line":108,"column":6},"end":{"line":108,"column":36}},"20":{"start":{"line":111,"column":4},"end":{"line":113,"column":5}},"21":{"start":{"line":112,"column":6},"end":{"line":112,"column":32}},"22":{"start":{"line":115,"column":18},"end":{"line":133,"column":6}},"23":{"start":{"line":135,"column":4},"end":{"line":135,"column":17}},"24":{"start":{"line":139,"column":17},"end":{"line":157,"column":6}},"25":{"start":{"line":159,"column":4},"end":{"line":161,"column":5}},"26":{"start":{"line":160,"column":6},"end":{"line":160,"column":52}},"27":{"start":{"line":163,"column":4},"end":{"line":163,"column":16}},"28":{"start":{"line":173,"column":25},"end":{"line":173,"column":61}},"29":{"start":{"line":175,"column":4},"end":{"line":177,"column":5}},"30":{"start":{"line":176,"column":6},"end":{"line":176,"column":65}},"31":{"start":{"line":180,"column":17},"end":{"line":201,"column":6}},"32":{"start":{"line":204,"column":4},"end":{"line":213,"column":6}},"33":{"start":{"line":217,"column":4},"end":{"line":217,"column":16}},"34":{"start":{"line":222,"column":25},"end":{"line":222,"column":61}},"35":{"start":{"line":224,"column":4},"end":{"line":226,"column":5}},"36":{"start":{"line":225,"column":6},"end":{"line":225,"column":61}},"37":{"start":{"line":229,"column":17},"end":{"line":250,"column":6}},"38":{"start":{"line":253,"column":4},"end":{"line":262,"column":6}},"39":{"start":{"line":264,"column":4},"end":{"line":264,"column":16}},"40":{"start":{"line":274,"column":25},"end":{"line":274,"column":61}},"41":{"start":{"line":277,"column":4},"end":{"line":279,"column":5}},"42":{"start":{"line":278,"column":6},"end":{"line":278,"column":70}},"43":{"start":{"line":282,"column":4},"end":{"line":305,"column":6}},"44":{"start":{"line":308,"column":4},"end":{"line":310,"column":7}},"45":{"start":{"line":312,"column":4},"end":{"line":312,"column":18}},"46":{"start":{"line":317,"column":22},"end":{"line":317,"column":50}},"47":{"start":{"line":318,"column":22},"end":{"line":318,"column":50}},"48":{"start":{"line":319,"column":20},"end":{"line":319,"column":32}},"49":{"start":{"line":320,"column":20},"end":{"line":320,"column":30}},"50":{"start":{"line":322,"column":21},"end":{"line":322,"column":62}},"51":{"start":{"line":324,"column":19},"end":{"line":324,"column":21}},"52":{"start":{"line":326,"column":4},"end":{"line":326,"column":72}},"53":{"start":{"line":327,"column":4},"end":{"line":327,"column":72}},"54":{"start":{"line":328,"column":4},"end":{"line":328,"column":68}},"55":{"start":{"line":329,"column":4},"end":{"line":329,"column":68}},"56":{"start":{"line":332,"column":4},"end":{"line":334,"column":5}},"57":{"start":{"line":332,"column":17},"end":{"line":332,"column":18}},"58":{"start":{"line":333,"column":6},"end":{"line":333,"column":72}},"59":{"start":{"line":337,"column":4},"end":{"line":340,"column":16}},"60":{"start":{"line":339,"column":18},"end":{"line":339,"column":37}},"61":{"start":{"line":35,"column":13},"end":{"line":35,"column":25}},"62":{"start":{"line":35,"column":13},"end":{"line":343,"column":null}}},"fnMap":{"0":{"name":"(anonymous_2)","decl":{"start":{"line":36,"column":2},"end":{"line":36,"column":null}},"loc":{"start":{"line":38,"column":47},"end":{"line":39,"column":6}}},"1":{"name":"(anonymous_3)","decl":{"start":{"line":41,"column":2},"end":{"line":41,"column":7}},"loc":{"start":{"line":43,"column":20},"end":{"line":102,"column":3}}},"2":{"name":"(anonymous_4)","decl":{"start":{"line":104,"column":2},"end":{"line":104,"column":7}},"loc":{"start":{"line":104,"column":61},"end":{"line":136,"column":3}}},"3":{"name":"(anonymous_5)","decl":{"start":{"line":138,"column":2},"end":{"line":138,"column":7}},"loc":{"start":{"line":138,"column":48},"end":{"line":164,"column":3}}},"4":{"name":"(anonymous_6)","decl":{"start":{"line":166,"column":2},"end":{"line":166,"column":7}},"loc":{"start":{"line":170,"column":19},"end":{"line":218,"column":3}}},"5":{"name":"(anonymous_7)","decl":{"start":{"line":220,"column":2},"end":{"line":220,"column":7}},"loc":{"start":{"line":220,"column":74},"end":{"line":265,"column":3}}},"6":{"name":"(anonymous_8)","decl":{"start":{"line":267,"column":2},"end":{"line":267,"column":7}},"loc":{"start":{"line":271,"column":18},"end":{"line":313,"column":3}}},"7":{"name":"(anonymous_9)","decl":{"start":{"line":315,"column":10},"end":{"line":315,"column":35}},"loc":{"start":{"line":315,"column":35},"end":{"line":341,"column":3}}},"8":{"name":"(anonymous_10)","decl":{"start":{"line":339,"column":12},"end":{"line":339,"column":15}},"loc":{"start":{"line":339,"column":18},"end":{"line":339,"column":37}}}},"branchMap":{"0":{"loc":{"start":{"line":53,"column":4},"end":{"line":55,"column":5}},"type":"if","locations":[{"start":{"line":53,"column":4},"end":{"line":55,"column":5}}]},"1":{"loc":{"start":{"line":104,"column":35},"end":{"line":104,"column":61}},"type":"default-arg","locations":[{"start":{"line":104,"column":59},"end":{"line":104,"column":61}}]},"2":{"loc":{"start":{"line":107,"column":4},"end":{"line":109,"column":5}},"type":"if","locations":[{"start":{"line":107,"column":4},"end":{"line":109,"column":5}}]},"3":{"loc":{"start":{"line":111,"column":4},"end":{"line":113,"column":5}},"type":"if","locations":[{"start":{"line":111,"column":4},"end":{"line":113,"column":5}}]},"4":{"loc":{"start":{"line":159,"column":4},"end":{"line":161,"column":5}},"type":"if","locations":[{"start":{"line":159,"column":4},"end":{"line":161,"column":5}}]},"5":{"loc":{"start":{"line":175,"column":4},"end":{"line":177,"column":5}},"type":"if","locations":[{"start":{"line":175,"column":4},"end":{"line":177,"column":5}}]},"6":{"loc":{"start":{"line":186,"column":26},"end":{"line":186,"column":40}},"type":"binary-expr","locations":[{"start":{"line":186,"column":26},"end":{"line":186,"column":32}},{"start":{"line":186,"column":36},"end":{"line":186,"column":40}}]},"7":{"loc":{"start":{"line":224,"column":4},"end":{"line":226,"column":5}},"type":"if","locations":[{"start":{"line":224,"column":4},"end":{"line":226,"column":5}}]},"8":{"loc":{"start":{"line":277,"column":4},"end":{"line":279,"column":5}},"type":"if","locations":[{"start":{"line":277,"column":4},"end":{"line":279,"column":5}}]}},"s":{"0":3,"1":3,"2":3,"3":3,"4":3,"5":3,"6":3,"7":28,"8":28,"9":3,"10":3,"11":0,"12":3,"13":3,"14":2,"15":2,"16":2,"17":7,"18":7,"19":2,"20":7,"21":2,"22":7,"23":6,"24":15,"25":15,"26":4,"27":11,"28":4,"29":4,"30":1,"31":3,"32":3,"33":3,"34":4,"35":3,"36":2,"37":1,"38":1,"39":1,"40":4,"41":3,"42":1,"43":2,"44":2,"45":1,"46":7,"47":7,"48":7,"49":7,"50":7,"51":7,"52":7,"53":7,"54":7,"55":7,"56":7,"57":7,"58":56,"59":7,"60":206,"61":3,"62":3},"f":{"0":28,"1":3,"2":7,"3":15,"4":4,"5":4,"6":4,"7":7,"8":206},"b":{"0":[0],"1":[4],"2":[2],"3":[2],"4":[4],"5":[1],"6":[3,1],"7":[2],"8":[1]}}
,"/Users/horuscamachoavila/Documents/thoth-analytics-api/src/users/dto/create-user.dto.ts": {"path":"/Users/horuscamachoavila/Documents/thoth-analytics-api/src/users/dto/create-user.dto.ts","statementMap":{"0":{"start":{"line":1,"column":0},"end":{"line":1,"column":94}},"1":{"start":{"line":3,"column":0},"end":{"line":3,"column":13}},"2":{"start":{"line":6,"column":2},"end":{"line":6,"column":null}},"3":{"start":{"line":12,"column":2},"end":{"line":12,"column":null}},"4":{"start":{"line":18,"column":2},"end":{"line":18,"column":null}}},"fnMap":{},"branchMap":{},"s":{"0":2,"1":2,"2":2,"3":2,"4":2},"f":{},"b":{}}
,"/Users/horuscamachoavila/Documents/thoth-analytics-api/src/users/dto/update-user-status.dto.ts": {"path":"/Users/horuscamachoavila/Documents/thoth-analytics-api/src/users/dto/update-user-status.dto.ts","statementMap":{"0":{"start":{"line":1,"column":0},"end":{"line":1,"column":66}},"1":{"start":{"line":3,"column":0},"end":{"line":3,"column":13}},"2":{"start":{"line":7,"column":2},"end":{"line":7,"column":null}}},"fnMap":{},"branchMap":{},"s":{"0":2,"1":2,"2":2},"f":{},"b":{}}
}
