TN:
SF:src/app.controller.ts
FN:7,(anonymous_2)
FN:11,(anonymous_3)
FN:17,(anonymous_4)
FN:23,(anonymous_5)
FN:29,(anonymous_6)
FN:35,(anonymous_7)
FNF:6
FNH:2
FNDA:3,(anonymous_2)
FNDA:1,(anonymous_3)
FNDA:0,(anonymous_4)
FNDA:0,(anonymous_5)
FNDA:0,(anonymous_6)
FNDA:0,(anonymous_7)
DA:1,2
DA:2,2
DA:3,2
DA:6,2
DA:7,3
DA:11,2
DA:12,1
DA:17,2
DA:18,0
DA:23,2
DA:24,0
DA:29,2
DA:30,0
DA:35,2
DA:44,0
LF:15
LH:11
BRF:0
BRH:0
end_of_record
TN:
SF:src/app.module.ts
FNF:0
FNH:0
DA:1,1
DA:2,1
DA:3,1
DA:4,1
DA:5,1
DA:6,1
DA:7,1
DA:8,1
DA:9,1
DA:10,1
DA:11,1
DA:12,1
DA:13,1
DA:14,1
DA:45,1
LF:15
LH:15
BRF:0
BRH:0
end_of_record
TN:
SF:src/app.service.ts
FN:7,(anonymous_2)
FN:12,(anonymous_3)
FN:16,(anonymous_4)
FN:24,(anonymous_5)
FN:47,(anonymous_6)
FN:68,(anonymous_7)
FNF:6
FNH:2
FNDA:3,(anonymous_2)
FNDA:1,(anonymous_3)
FNDA:0,(anonymous_4)
FNDA:0,(anonymous_5)
FNDA:0,(anonymous_6)
FNDA:0,(anonymous_7)
DA:1,2
DA:2,2
DA:3,2
DA:6,2
DA:8,3
DA:9,3
DA:13,1
DA:17,0
DA:30,0
DA:31,0
DA:32,0
DA:39,0
DA:52,0
DA:53,0
DA:54,0
DA:60,0
DA:77,0
DA:78,0
DA:83,0
DA:85,0
DA:95,0
LF:21
LH:7
BRDA:33,0,0,0
BRDA:33,0,1,0
BRDA:55,1,0,0
BRDA:55,1,1,0
BRDA:83,2,0,0
BRDA:83,2,1,0
BRDA:86,3,0,0
BRDA:86,3,1,0
BRF:8
BRH:0
end_of_record
TN:
SF:src/main.ts
FN:4,bootstrap
FNF:1
FNH:0
FNDA:0,bootstrap
DA:1,0
DA:2,0
DA:5,0
DA:6,0
DA:9,0
LF:5
LH:0
BRDA:6,0,0,0
BRDA:6,0,1,0
BRF:2
BRH:0
end_of_record
TN:
SF:src/ai-analysis/ai-analysis.module.ts
FNF:0
FNH:0
DA:1,1
DA:4,1
LF:2
LH:2
BRF:0
BRH:0
end_of_record
TN:
SF:src/alerts/alerts.module.ts
FNF:0
FNH:0
DA:1,1
DA:4,1
LF:2
LH:2
BRF:0
BRH:0
end_of_record
TN:
SF:src/audit/audit.controller.ts
FN:31,(anonymous_4)
FN:35,(anonymous_5)
FN:54,(anonymous_6)
FN:63,(anonymous_7)
FN:77,(anonymous_8)
FN:88,(anonymous_9)
FN:101,(anonymous_10)
FN:112,(anonymous_11)
FN:157,(anonymous_12)
FN:171,(anonymous_13)
FN:172,(anonymous_14)
FNF:11
FNH:11
FNDA:19,(anonymous_4)
FNDA:2,(anonymous_5)
FNDA:3,(anonymous_6)
FNDA:1,(anonymous_7)
FNDA:1,(anonymous_8)
FNDA:1,(anonymous_9)
FNDA:1,(anonymous_10)
FNDA:5,(anonymous_11)
FNDA:2,(anonymous_12)
FNDA:16,(anonymous_13)
FNDA:16,(anonymous_14)
DA:1,3
DA:14,3
DA:15,3
DA:16,3
DA:17,3
DA:18,3
DA:19,3
DA:30,3
DA:31,19
DA:35,3
DA:39,2
DA:41,2
DA:54,3
DA:58,3
DA:63,3
DA:65,3
DA:66,2
DA:69,1
DA:77,3
DA:78,1
DA:80,1
DA:88,3
DA:89,1
DA:91,1
DA:101,3
DA:102,1
DA:104,1
DA:112,3
DA:118,5
DA:119,2
DA:122,3
DA:128,3
DA:129,3
DA:132,3
DA:134,1
DA:135,1
DA:137,1
DA:138,1
DA:140,1
DA:141,1
DA:143,0
DA:146,3
DA:152,3
DA:157,3
DA:158,2
DA:163,2
DA:171,16
DA:172,16
LF:48
LH:47
BRDA:46,0,0,2
BRDA:46,0,1,1
BRDA:47,1,0,2
BRDA:47,1,1,2
BRDA:65,2,0,2
BRDA:118,3,0,2
BRDA:132,4,0,1
BRDA:132,4,1,1
BRDA:132,4,2,1
BRDA:132,4,3,0
BRF:10
BRH:9
end_of_record
TN:
SF:src/audit/audit.module.ts
FNF:0
FNH:0
DA:1,2
DA:2,2
DA:3,2
DA:4,2
DA:12,2
LF:5
LH:5
BRF:0
BRH:0
end_of_record
TN:
SF:src/audit/audit.service.ts
FN:10,(anonymous_2)
FN:12,(anonymous_3)
FN:55,(anonymous_4)
FN:108,(anonymous_5)
FN:138,(anonymous_6)
FN:199,(anonymous_7)
FN:203,(anonymous_8)
FN:215,(anonymous_9)
FN:307,(anonymous_10)
FN:361,(anonymous_11)
FN:383,(anonymous_12)
FN:409,(anonymous_13)
FN:416,(anonymous_14)
FNF:13
FNH:13
FNDA:21,(anonymous_2)
FNDA:2,(anonymous_3)
FNDA:2,(anonymous_4)
FNDA:1,(anonymous_5)
FNDA:1,(anonymous_6)
FNDA:1,(anonymous_7)
FNDA:1,(anonymous_8)
FNDA:2,(anonymous_9)
FNDA:2,(anonymous_10)
FNDA:4,(anonymous_11)
FNDA:1,(anonymous_12)
FNDA:1,(anonymous_13)
FNDA:1,(anonymous_14)
DA:1,9
DA:2,9
DA:3,9
DA:4,9
DA:9,9
DA:10,21
DA:14,2
DA:25,2
DA:28,2
DA:37,2
DA:38,2
DA:39,2
DA:40,2
DA:41,2
DA:42,2
DA:43,2
DA:44,2
DA:45,2
DA:46,2
DA:48,2
DA:52,2
DA:59,2
DA:62,2
DA:63,2
DA:64,2
DA:65,2
DA:66,2
DA:67,2
DA:70,2
DA:71,1
DA:72,1
DA:73,1
DA:77,2
DA:78,1
DA:85,2
DA:105,2
DA:109,1
DA:110,1
DA:121,1
DA:138,1
DA:195,1
DA:199,1
DA:203,1
DA:216,2
DA:217,2
DA:218,2
DA:219,2
DA:222,2
DA:236,2
DA:237,2
DA:250,2
DA:261,2
DA:262,1
DA:275,2
DA:291,2
DA:292,0
DA:304,2
DA:308,2
DA:324,2
DA:325,2
DA:327,2
DA:328,2
DA:339,2
DA:341,2
DA:342,1
DA:349,1
DA:353,2
DA:366,4
DA:368,4
DA:370,1
DA:373,1
DA:376,1
DA:379,1
DA:384,1
DA:389,1
DA:391,1
DA:392,1
DA:403,1
DA:406,1
DA:412,1
DA:417,1
DA:420,1
DA:435,2
DA:436,2
DA:451,1
LF:85
LH:84
BRDA:15,0,0,2
BRDA:15,0,1,0
BRDA:16,1,0,2
BRDA:16,1,1,1
BRDA:19,2,0,2
BRDA:19,2,1,1
BRDA:20,3,0,2
BRDA:20,3,1,1
BRDA:21,4,0,2
BRDA:21,4,1,1
BRDA:37,5,0,1
BRDA:38,6,0,1
BRDA:39,7,0,1
BRDA:40,8,0,1
BRDA:41,9,0,1
BRDA:42,10,0,1
BRDA:43,11,0,1
BRDA:44,12,0,1
BRDA:45,13,0,1
BRDA:46,14,0,1
BRDA:62,15,0,1
BRDA:63,16,0,1
BRDA:64,17,0,0
BRDA:65,18,0,0
BRDA:66,19,0,0
BRDA:67,20,0,0
BRDA:70,21,0,1
BRDA:70,22,0,2
BRDA:70,22,1,1
BRDA:72,23,0,1
BRDA:73,24,0,1
BRDA:77,25,0,1
BRDA:89,26,0,2
BRDA:89,26,1,1
BRDA:90,27,0,2
BRDA:90,27,1,2
BRDA:209,28,0,1
BRDA:209,28,1,0
BRDA:210,29,0,1
BRDA:210,29,1,0
BRDA:241,30,0,1
BRDA:241,30,1,1
BRDA:329,31,0,2
BRDA:329,31,1,0
BRDA:330,32,0,2
BRDA:330,32,1,0
BRDA:333,33,0,2
BRDA:333,33,1,0
BRDA:334,34,0,2
BRDA:334,34,1,0
BRDA:335,35,0,2
BRDA:335,35,1,0
BRDA:341,36,0,1
BRDA:341,36,1,1
BRDA:368,37,0,1
BRDA:368,37,1,1
BRDA:368,37,2,1
BRDA:368,37,3,1
BRDA:395,38,0,1
BRDA:395,38,1,0
BRDA:398,39,0,1
BRDA:398,39,1,0
BRDA:399,40,0,1
BRDA:399,40,1,0
BRDA:400,41,0,1
BRDA:400,41,1,0
BRDA:417,42,0,1
BRDA:417,42,1,0
BRF:68
BRH:51
end_of_record
TN:
SF:src/audit/dto/audit-filters.dto.ts
FN:5,(anonymous_2)
FN:39,(anonymous_3)
FN:46,(anonymous_4)
FNF:3
FNH:0
FNDA:0,(anonymous_2)
FNDA:0,(anonymous_3)
FNDA:0,(anonymous_4)
DA:1,3
DA:2,3
DA:3,3
DA:5,3
DA:8,3
DA:12,3
DA:16,3
DA:20,3
DA:24,3
DA:28,3
DA:32,3
DA:36,3
DA:39,0
DA:43,3
DA:46,0
DA:49,3
DA:53,3
LF:17
LH:15
BRF:0
BRH:0
end_of_record
TN:
SF:src/audit/dto/create-audit-log.dto.ts
FNF:0
FNH:0
DA:1,3
DA:2,3
DA:4,3
DA:6,3
DA:10,3
DA:13,3
DA:16,3
DA:20,3
DA:24,3
DA:28,3
DA:32,3
DA:36,3
DA:40,3
DA:44,3
DA:48,3
DA:52,3
LF:16
LH:16
BRF:0
BRH:0
end_of_record
TN:
SF:src/audit/dto/export-format.dto.ts
FN:3,(anonymous_2)
FNF:1
FNH:1
FNDA:3,(anonymous_2)
DA:1,3
DA:3,3
DA:4,3
DA:5,3
DA:6,3
DA:9,3
DA:11,3
LF:7
LH:7
BRDA:3,0,0,3
BRDA:3,0,1,3
BRF:2
BRH:2
end_of_record
TN:
SF:src/audit/dto/index.ts
FNF:0
FNH:0
DA:1,3
DA:2,3
DA:3,3
LF:3
LH:3
BRF:0
BRH:0
end_of_record
TN:
SF:src/auth/auth.controller.ts
FN:13,(anonymous_4)
FN:18,(anonymous_5)
FN:58,(anonymous_6)
FN:73,(anonymous_7)
FN:86,(anonymous_8)
FN:99,(anonymous_9)
FN:108,(anonymous_10)
FNF:7
FNH:3
FNDA:11,(anonymous_4)
FNDA:2,(anonymous_5)
FNDA:2,(anonymous_6)
FNDA:0,(anonymous_7)
FNDA:0,(anonymous_8)
FNDA:0,(anonymous_9)
FNDA:0,(anonymous_10)
DA:1,3
DA:2,3
DA:3,3
DA:4,3
DA:5,3
DA:6,3
DA:7,3
DA:8,3
DA:9,3
DA:12,3
DA:13,11
DA:18,3
DA:29,2
DA:36,1
DA:42,1
DA:58,3
DA:62,2
DA:64,1
DA:73,3
DA:79,0
DA:86,3
DA:90,0
DA:99,3
DA:100,0
DA:108,3
DA:109,0
LF:26
LH:22
BRF:0
BRH:0
end_of_record
TN:
SF:src/auth/auth.module.ts
FN:19,(anonymous_1)
FNF:1
FNH:1
FNDA:6,(anonymous_1)
DA:1,2
DA:2,2
DA:3,2
DA:4,2
DA:5,2
DA:6,2
DA:7,2
DA:8,2
DA:9,2
DA:10,2
DA:20,6
DA:21,6
DA:22,0
DA:24,6
DA:38,2
LF:15
LH:14
BRDA:21,0,0,0
BRDA:21,1,0,6
BRDA:21,1,1,6
BRF:3
BRH:2
end_of_record
TN:
SF:src/auth/auth.service.ts
FN:24,(anonymous_2)
FN:30,(anonymous_3)
FN:35,(anonymous_4)
FN:39,(anonymous_5)
FN:64,(anonymous_6)
FN:132,(anonymous_7)
FN:145,(anonymous_8)
FN:153,(anonymous_9)
FN:168,(anonymous_10)
FN:189,(anonymous_11)
FNF:10
FNH:10
FNDA:28,(anonymous_2)
FNDA:1,(anonymous_3)
FNDA:5,(anonymous_4)
FNDA:4,(anonymous_5)
FNDA:5,(anonymous_6)
FNDA:1,(anonymous_7)
FNDA:2,(anonymous_8)
FNDA:5,(anonymous_9)
FNDA:3,(anonymous_10)
FNDA:8,(anonymous_11)
DA:1,4
DA:2,4
DA:3,4
DA:4,4
DA:5,4
DA:23,4
DA:25,28
DA:26,28
DA:27,28
DA:31,1
DA:32,1
DA:36,5
DA:40,4
DA:41,4
DA:42,4
DA:44,4
DA:45,1
DA:48,3
DA:52,3
DA:57,3
DA:79,5
DA:85,5
DA:90,5
DA:91,1
DA:94,5
DA:109,5
DA:110,1
DA:113,4
DA:114,1
DA:117,3
DA:118,3
DA:119,1
DA:122,2
DA:123,2
DA:126,2
DA:133,1
DA:135,1
DA:142,1
DA:146,2
DA:147,2
DA:149,1
DA:154,5
DA:155,5
DA:156,1
DA:159,4
DA:160,4
DA:164,0
DA:169,3
DA:171,3
DA:175,3
DA:176,2
DA:179,1
DA:186,1
DA:190,8
DA:191,8
DA:193,8
DA:194,1
DA:197,7
DA:199,1
DA:201,4
DA:203,1
DA:205,1
DA:207,0
LF:63
LH:61
BRDA:44,0,0,1
BRDA:44,1,0,4
BRDA:44,1,1,3
BRDA:90,2,0,1
BRDA:109,3,0,1
BRDA:113,4,0,1
BRDA:113,5,0,4
BRDA:113,5,1,4
BRDA:113,5,2,4
BRDA:118,6,0,1
BRDA:128,7,0,2
BRDA:128,7,1,0
BRDA:155,8,0,1
BRDA:155,9,0,5
BRDA:155,9,1,4
BRDA:175,10,0,2
BRDA:175,11,0,3
BRDA:175,11,1,2
BRDA:182,12,0,1
BRDA:182,12,1,0
BRDA:193,13,0,1
BRDA:197,14,0,1
BRDA:197,14,1,4
BRDA:197,14,2,1
BRDA:197,14,3,1
BRDA:197,14,4,0
BRF:26
BRH:23
end_of_record
TN:
SF:src/auth/decorators/current-user.decorator.ts
FN:17,(anonymous_0)
FNF:1
FNH:0
FNDA:0,(anonymous_0)
DA:1,7
DA:16,7
DA:18,0
DA:19,0
DA:21,0
DA:22,0
DA:25,0
DA:26,0
DA:29,0
LF:9
LH:2
BRDA:21,0,0,0
BRDA:25,1,0,0
BRF:2
BRH:0
end_of_record
TN:
SF:src/auth/decorators/public.decorator.ts
FN:4,(anonymous_0)
FNF:1
FNH:1
FNDA:16,(anonymous_0)
DA:1,4
DA:3,4
DA:4,16
LF:3
LH:3
BRF:0
BRH:0
end_of_record
TN:
SF:src/auth/decorators/roles.decorator.ts
FN:4,(anonymous_0)
FNF:1
FNH:1
FNDA:47,(anonymous_0)
DA:1,8
DA:3,8
DA:4,8
DA:5,47
LF:4
LH:4
BRF:0
BRH:0
end_of_record
TN:
SF:src/auth/dto/login.dto.ts
FNF:0
FNH:0
DA:1,3
DA:3,3
DA:6,3
DA:11,3
DA:15,3
LF:5
LH:5
BRF:0
BRH:0
end_of_record
TN:
SF:src/auth/dto/refresh-token.dto.ts
FNF:0
FNH:0
DA:1,3
DA:3,3
DA:6,3
LF:3
LH:3
BRF:0
BRH:0
end_of_record
TN:
SF:src/auth/guards/jwt/jwt.guard.ts
FN:7,(anonymous_2)
FN:11,(anonymous_3)
FNF:2
FNH:1
FNDA:74,(anonymous_2)
FNDA:0,(anonymous_3)
DA:1,7
DA:2,7
DA:3,7
DA:6,7
DA:7,74
DA:8,74
DA:12,0
DA:17,0
DA:18,0
DA:21,0
DA:22,0
LF:11
LH:6
BRDA:17,0,0,0
BRF:1
BRH:0
end_of_record
TN:
SF:src/auth/guards/roles/roles.guard.ts
FN:29,(anonymous_2)
FN:31,(anonymous_3)
FN:56,(anonymous_4)
FNF:3
FNH:3
FNDA:95,(anonymous_2)
FNDA:30,(anonymous_3)
FNDA:21,(anonymous_4)
DA:1,8
DA:2,8
DA:3,8
DA:6,8
DA:28,8
DA:29,95
DA:32,30
DA:37,30
DA:38,2
DA:41,28
DA:42,28
DA:44,28
DA:45,6
DA:48,22
DA:49,22
DA:51,22
DA:52,6
DA:56,16
DA:57,21
DA:58,21
DA:61,16
DA:62,6
DA:67,10
LF:23
LH:23
BRDA:37,0,0,2
BRDA:37,1,0,30
BRDA:37,1,1,29
BRDA:37,1,2,29
BRDA:44,2,0,6
BRDA:44,3,0,28
BRDA:44,3,1,22
BRDA:51,4,0,6
BRDA:61,5,0,6
BRF:9
BRH:9
end_of_record
TN:
SF:src/auth/middleware/tenant/tenant.middleware.ts
FN:10,(anonymous_1)
FNF:1
FNH:1
FNDA:18,(anonymous_1)
DA:1,1
DA:9,1
DA:11,18
DA:12,18
DA:14,18
DA:15,6
DA:19,12
DA:21,12
LF:8
LH:8
BRDA:12,0,0,1
BRDA:12,0,1,17
BRDA:14,1,0,6
BRDA:14,2,0,18
BRDA:14,2,1,14
BRF:5
BRH:5
end_of_record
TN:
SF:src/auth/strategies/jwt.strategy.ts
FN:10,(anonymous_2)
FN:26,(anonymous_3)
FNF:2
FNH:2
FNDA:19,(anonymous_2)
FNDA:14,(anonymous_3)
DA:1,3
DA:2,3
DA:3,3
DA:4,3
DA:5,3
DA:9,3
DA:12,17
DA:14,19
DA:15,19
DA:16,2
DA:18,17
DA:30,14
DA:44,13
DA:45,1
DA:48,12
DA:49,2
DA:52,10
DA:53,1
DA:57,9
DA:58,9
DA:60,9
DA:65,0
DA:68,9
LF:23
LH:22
BRDA:15,0,0,2
BRDA:15,1,0,19
BRDA:15,1,1,18
BRDA:44,2,0,1
BRDA:48,3,0,2
BRDA:52,4,0,1
BRDA:58,5,0,0
BRDA:58,5,1,9
BRDA:60,6,0,0
BRDA:61,7,0,9
BRDA:61,7,1,9
BRDA:61,7,2,9
BRF:12
BRH:10
end_of_record
TN:
SF:src/common/common.module.ts
FNF:0
FNH:0
DA:1,1
DA:4,1
LF:2
LH:2
BRF:0
BRH:0
end_of_record
TN:
SF:src/config/config.module.ts
FN:11,(anonymous_1)
FNF:1
FNH:1
FNDA:2,(anonymous_1)
DA:1,1
DA:2,1
DA:3,1
DA:4,1
DA:12,2
DA:13,2
DA:14,0
DA:16,2
DA:24,1
LF:9
LH:8
BRDA:13,0,0,0
BRDA:13,1,0,2
BRDA:13,1,1,2
BRF:3
BRH:2
end_of_record
TN:
SF:src/config/redis.config.ts
FN:7,(anonymous_0)
FNF:1
FNH:1
FNDA:2,(anonymous_0)
DA:1,1
DA:3,1
DA:5,1
DA:7,2
LF:4
LH:4
BRDA:9,0,0,2
BRDA:9,0,1,0
BRDA:10,1,0,2
BRDA:10,1,1,0
BRDA:11,2,0,2
BRDA:11,2,1,0
BRDA:12,3,0,2
BRDA:12,3,1,0
BRF:8
BRH:4
end_of_record
TN:
SF:src/config/redis.service.ts
FN:7,(anonymous_4)
FN:13,(anonymous_5)
FN:27,(anonymous_6)
FN:39,(anonymous_7)
FN:51,(anonymous_8)
FN:68,(anonymous_9)
FN:77,(anonymous_10)
FN:82,(anonymous_11)
FN:88,(anonymous_12)
FN:97,(anonymous_13)
FN:102,(anonymous_14)
FN:108,(anonymous_15)
FN:118,(anonymous_16)
FN:124,(anonymous_17)
FN:133,(anonymous_18)
FN:139,(anonymous_19)
FN:155,(anonymous_20)
FNF:17
FNH:1
FNDA:2,(anonymous_4)
FNDA:0,(anonymous_5)
FNDA:0,(anonymous_6)
FNDA:0,(anonymous_7)
FNDA:0,(anonymous_8)
FNDA:0,(anonymous_9)
FNDA:0,(anonymous_10)
FNDA:0,(anonymous_11)
FNDA:0,(anonymous_12)
FNDA:0,(anonymous_13)
FNDA:0,(anonymous_14)
FNDA:0,(anonymous_15)
FNDA:0,(anonymous_16)
FNDA:0,(anonymous_17)
FNDA:0,(anonymous_18)
FNDA:0,(anonymous_19)
FNDA:0,(anonymous_20)
DA:1,2
DA:2,2
DA:6,2
DA:9,2
DA:14,0
DA:15,0
DA:16,0
DA:19,0
DA:21,0
DA:23,0
DA:28,0
DA:29,0
DA:32,0
DA:34,0
DA:40,0
DA:41,0
DA:44,0
DA:46,0
DA:52,0
DA:54,0
DA:55,0
DA:56,0
DA:60,0
DA:62,0
DA:73,0
DA:74,0
DA:78,0
DA:79,0
DA:83,0
DA:84,0
DA:93,0
DA:94,0
DA:98,0
DA:99,0
DA:103,0
DA:104,0
DA:114,0
DA:115,0
DA:119,0
DA:120,0
DA:129,0
DA:130,0
DA:134,0
DA:135,0
DA:140,0
DA:141,0
DA:142,0
DA:144,0
DA:145,0
DA:146,0
DA:148,0
DA:150,0
DA:160,0
DA:161,0
DA:165,0
DA:169,0
LF:56
LH:4
BRDA:16,0,0,0
BRDA:16,0,1,0
BRDA:19,1,0,0
BRDA:32,2,0,0
BRDA:44,3,0,0
BRDA:55,4,0,0
BRDA:60,5,0,0
BRDA:62,6,0,0
BRDA:62,6,1,0
BRDA:71,7,0,0
BRDA:91,8,0,0
BRDA:112,9,0,0
BRDA:127,10,0,0
BRF:13
BRH:0
end_of_record
TN:
SF:src/database/database.module.ts
FNF:0
FNH:0
DA:1,3
DA:2,3
DA:9,3
LF:3
LH:3
BRF:0
BRH:0
end_of_record
TN:
SF:src/database/prisma.service.ts
FN:6,(anonymous_2)
FN:13,(anonymous_3)
FN:25,(anonymous_4)
FN:32,(anonymous_5)
FN:42,(anonymous_6)
FNF:5
FNH:5
FNDA:29,(anonymous_2)
FNDA:3,(anonymous_3)
FNDA:30,(anonymous_4)
FNDA:2,(anonymous_5)
FNDA:3,(anonymous_6)
DA:1,14
DA:2,14
DA:5,14
DA:7,29
DA:14,3
DA:15,3
DA:17,2
DA:20,1
DA:21,1
DA:26,30
DA:28,30
DA:33,2
DA:34,2
DA:35,1
DA:37,1
DA:43,3
DA:44,3
DA:45,2
DA:50,1
LF:19
LH:19
BRDA:46,0,0,2
BRDA:46,0,1,1
BRF:2
BRH:2
end_of_record
TN:
SF:src/news/news.module.ts
FNF:0
FNH:0
DA:1,1
DA:4,1
LF:2
LH:2
BRF:0
BRH:0
end_of_record
TN:
SF:src/tenants/tenants.controller.ts
FN:33,(anonymous_4)
FN:38,(anonymous_5)
FN:67,(anonymous_6)
FN:96,(anonymous_7)
FN:112,(anonymous_8)
FN:163,(anonymous_9)
FN:207,(anonymous_10)
FN:236,(anonymous_11)
FN:262,(anonymous_12)
FN:292,(anonymous_13)
FNF:10
FNH:10
FNDA:28,(anonymous_4)
FNDA:2,(anonymous_5)
FNDA:6,(anonymous_6)
FNDA:5,(anonymous_7)
FNDA:4,(anonymous_8)
FNDA:4,(anonymous_9)
FNDA:2,(anonymous_10)
FNDA:2,(anonymous_11)
FNDA:3,(anonymous_12)
FNDA:4,(anonymous_13)
DA:1,1
DA:14,1
DA:15,1
DA:16,1
DA:17,1
DA:18,1
DA:19,1
DA:20,1
DA:32,1
DA:33,28
DA:38,1
DA:51,2
DA:53,1
DA:67,1
DA:86,6
DA:88,6
DA:89,6
DA:90,6
DA:92,6
DA:94,6
DA:96,5
DA:112,1
DA:134,4
DA:135,1
DA:138,3
DA:140,2
DA:163,1
DA:178,4
DA:179,1
DA:183,3
DA:190,3
DA:192,2
DA:207,1
DA:220,2
DA:222,1
DA:236,1
DA:247,2
DA:249,1
DA:262,1
DA:274,3
DA:275,1
DA:278,2
DA:280,1
DA:292,1
DA:317,4
DA:318,1
DA:321,3
DA:323,2
LF:48
LH:48
BRDA:86,0,0,5
BRDA:86,0,1,1
BRDA:89,1,0,2
BRDA:90,2,0,2
BRDA:103,3,0,5
BRDA:103,3,1,0
BRDA:134,4,0,1
BRDA:134,5,0,4
BRDA:134,5,1,2
BRDA:151,6,0,2
BRDA:151,6,1,0
BRDA:152,7,0,2
BRDA:152,7,1,0
BRDA:153,8,0,2
BRDA:153,8,1,0
BRDA:154,9,0,2
BRDA:154,9,1,0
BRDA:178,10,0,1
BRDA:178,11,0,4
BRDA:178,11,1,2
BRDA:183,12,0,2
BRDA:183,12,1,1
BRDA:186,13,0,1
BRDA:186,13,1,1
BRDA:187,14,0,1
BRDA:187,14,1,1
BRDA:274,15,0,1
BRDA:317,16,0,1
BRDA:317,17,0,4
BRDA:317,17,1,2
BRF:30
BRH:25
end_of_record
TN:
SF:src/tenants/tenants.module.ts
FNF:0
FNH:0
DA:1,0
DA:2,0
DA:3,0
DA:4,0
DA:5,0
DA:13,0
LF:6
LH:0
BRF:0
BRH:0
end_of_record
TN:
SF:src/tenants/tenants.service.ts
FN:32,(anonymous_2)
FN:37,(anonymous_3)
FN:85,(anonymous_4)
FN:118,(anonymous_5)
FN:140,(anonymous_6)
FN:198,(anonymous_7)
FN:244,(anonymous_8)
FN:292,(anonymous_9)
FN:329,(anonymous_10)
FN:371,(anonymous_11)
FN:405,(anonymous_12)
FNF:11
FNH:11
FNDA:17,(anonymous_2)
FNDA:3,(anonymous_3)
FNDA:3,(anonymous_4)
FNDA:3,(anonymous_5)
FNDA:4,(anonymous_6)
FNDA:3,(anonymous_7)
FNDA:3,(anonymous_8)
FNDA:1,(anonymous_9)
FNDA:1,(anonymous_10)
FNDA:3,(anonymous_11)
FNDA:2,(anonymous_12)
DA:1,2
DA:2,2
DA:3,2
DA:4,2
DA:7,2
DA:31,2
DA:33,17
DA:34,17
DA:39,3
DA:45,3
DA:46,2
DA:50,1
DA:63,1
DA:82,1
DA:86,3
DA:89,3
DA:90,1
DA:93,3
DA:94,1
DA:97,3
DA:98,1
DA:101,3
DA:115,3
DA:119,3
DA:133,3
DA:134,2
DA:137,1
DA:142,4
DA:145,4
DA:146,3
DA:153,3
DA:154,2
DA:159,2
DA:169,2
DA:195,2
DA:200,3
DA:202,3
DA:203,2
DA:207,1
DA:216,1
DA:227,1
DA:241,1
DA:246,3
DA:248,3
DA:249,2
DA:253,1
DA:262,1
DA:276,1
DA:289,1
DA:294,1
DA:297,1
DA:322,1
DA:326,1
DA:348,1
DA:351,1
DA:357,1
DA:361,1
DA:365,1
DA:370,1
DA:371,1
DA:372,3
DA:376,1
DA:380,1
DA:384,1
DA:389,1
DA:395,1
DA:399,1
DA:404,1
DA:405,1
DA:406,2
DA:409,1
LF:71
LH:71
BRDA:45,0,0,2
BRDA:56,1,0,1
BRDA:56,1,1,0
BRDA:85,2,0,2
BRDA:89,3,0,1
BRDA:93,4,0,1
BRDA:97,5,0,1
BRDA:133,6,0,2
BRDA:145,7,0,3
BRDA:145,8,0,4
BRDA:145,8,1,3
BRDA:153,9,0,2
BRDA:202,10,0,2
BRDA:248,11,0,2
BRDA:316,12,0,1
BRDA:316,12,1,0
BRDA:372,13,0,3
BRDA:372,13,1,2
BRDA:406,14,0,2
BRDA:406,14,1,2
BRF:20
BRH:18
end_of_record
TN:
SF:src/tenants/dto/create-tenant.dto.ts
FNF:0
FNH:0
DA:1,1
DA:3,1
DA:8,1
DA:14,1
DA:17,1
LF:5
LH:5
BRF:0
BRH:0
end_of_record
TN:
SF:src/tenants/dto/update-tenant.dto.ts
FNF:0
FNH:0
DA:1,1
DA:3,1
DA:8,1
DA:14,1
DA:20,1
DA:23,1
LF:6
LH:6
BRF:0
BRH:0
end_of_record
TN:
SF:src/tweets/tweets.module.ts
FNF:0
FNH:0
DA:1,1
DA:4,1
LF:2
LH:2
BRF:0
BRH:0
end_of_record
TN:
SF:src/users/users.controller.ts
FN:33,(anonymous_4)
FN:38,(anonymous_5)
FN:71,(anonymous_6)
FN:96,(anonymous_7)
FN:111,(anonymous_8)
FN:147,(anonymous_9)
FN:183,(anonymous_10)
FN:211,(anonymous_11)
FNF:8
FNH:8
FNDA:10,(anonymous_4)
FNDA:1,(anonymous_5)
FNDA:2,(anonymous_6)
FNDA:2,(anonymous_7)
FNDA:1,(anonymous_8)
FNDA:1,(anonymous_9)
FNDA:1,(anonymous_10)
FNDA:2,(anonymous_11)
DA:1,2
DA:14,2
DA:15,2
DA:16,2
DA:17,2
DA:18,2
DA:19,2
DA:20,2
DA:32,2
DA:33,10
DA:38,2
DA:53,1
DA:55,1
DA:71,2
DA:88,2
DA:89,2
DA:90,2
DA:92,2
DA:94,2
DA:96,2
DA:111,2
DA:127,1
DA:129,1
DA:147,2
DA:161,1
DA:168,1
DA:183,2
DA:195,1
DA:197,1
DA:211,2
DA:224,2
DA:225,1
DA:228,1
DA:235,1
LF:34
LH:34
BRDA:62,0,0,1
BRDA:62,0,1,0
BRDA:89,1,0,1
BRDA:90,2,0,1
BRDA:103,3,0,2
BRDA:103,3,1,0
BRDA:138,4,0,1
BRDA:138,4,1,0
BRDA:139,5,0,1
BRDA:139,5,1,0
BRDA:175,6,0,1
BRDA:175,6,1,1
BRDA:224,7,0,1
BRF:13
BRH:9
end_of_record
TN:
SF:src/users/users.module.ts
FNF:0
FNH:0
DA:1,1
DA:2,1
DA:3,1
DA:4,1
DA:5,1
DA:13,1
LF:6
LH:6
BRF:0
BRH:0
end_of_record
TN:
SF:src/users/users.service.ts
FN:36,(anonymous_2)
FN:41,(anonymous_3)
FN:104,(anonymous_4)
FN:138,(anonymous_5)
FN:166,(anonymous_6)
FN:220,(anonymous_7)
FN:267,(anonymous_8)
FN:315,(anonymous_9)
FN:339,(anonymous_10)
FNF:9
FNH:9
FNDA:28,(anonymous_2)
FNDA:3,(anonymous_3)
FNDA:7,(anonymous_4)
FNDA:15,(anonymous_5)
FNDA:4,(anonymous_6)
FNDA:4,(anonymous_7)
FNDA:4,(anonymous_8)
FNDA:7,(anonymous_9)
FNDA:206,(anonymous_10)
DA:1,3
DA:7,3
DA:8,3
DA:9,3
DA:11,3
DA:12,3
DA:35,3
DA:37,28
DA:38,28
DA:46,3
DA:53,3
DA:54,0
DA:58,3
DA:59,3
DA:62,2
DA:78,2
DA:98,2
DA:105,7
DA:107,7
DA:108,2
DA:111,7
DA:112,2
DA:115,7
DA:135,6
DA:139,15
DA:159,15
DA:160,4
DA:163,11
DA:173,4
DA:175,4
DA:176,1
DA:180,3
DA:204,3
DA:217,3
DA:222,4
DA:224,3
DA:225,2
DA:229,1
DA:253,1
DA:264,1
DA:274,4
DA:277,3
DA:278,1
DA:282,2
DA:308,2
DA:312,1
DA:317,7
DA:318,7
DA:319,7
DA:320,7
DA:322,7
DA:324,7
DA:326,7
DA:327,7
DA:328,7
DA:329,7
DA:332,7
DA:333,56
DA:337,7
DA:339,206
LF:60
LH:59
BRDA:53,0,0,0
BRDA:104,1,0,4
BRDA:107,2,0,2
BRDA:111,3,0,2
BRDA:159,4,0,4
BRDA:175,5,0,1
BRDA:186,6,0,3
BRDA:186,6,1,1
BRDA:224,7,0,2
BRDA:277,8,0,1
BRF:10
BRH:9
end_of_record
TN:
SF:src/users/dto/create-user.dto.ts
FNF:0
FNH:0
DA:1,2
DA:3,2
DA:6,2
DA:12,2
DA:18,2
LF:5
LH:5
BRF:0
BRH:0
end_of_record
TN:
SF:src/users/dto/update-user-status.dto.ts
FNF:0
FNH:0
DA:1,2
DA:3,2
DA:7,2
LF:3
LH:3
BRF:0
BRH:0
end_of_record
